[0.093s] Invoking command in '/home/jiaxin/ws01_plumbing/build/cpp04_param': CMAKE_PREFIX_PATH=${CMAKE_PREFIX_PATH}:/opt/ros/humble /usr/bin/cmake --build /home/jiaxin/ws01_plumbing/build/cpp04_param -- -j4 -l4
[0.245s] [35m[1mConsolidate compiler generated dependencies of target demo02_param_client[0m
[0.344s] [ 66%] Built target demo00_param
[0.350s] [100%] Built target demo02_param_client
[0.351s] [100%] Built target demo01_param_server
[0.411s] Invoked command in '/home/jiaxin/ws01_plumbing/build/cpp04_param' returned '0': CMAKE_PREFIX_PATH=${CMAKE_PREFIX_PATH}:/opt/ros/humble /usr/bin/cmake --build /home/jiaxin/ws01_plumbing/build/cpp04_param -- -j4 -l4
[0.689s] Invoking command in '/home/jiaxin/ws01_plumbing/build/cpp04_param': CMAKE_PREFIX_PATH=${CMAKE_PREFIX_PATH}:/opt/ros/humble /usr/bin/cmake --install /home/jiaxin/ws01_plumbing/build/cpp04_param
[0.766s] -- Install configuration: ""
[0.767s] -- Up-to-date: /home/jiaxin/ws01_plumbing/install/cpp04_param/lib/cpp04_param/demo00_param
[0.767s] -- Up-to-date: /home/jiaxin/ws01_plumbing/install/cpp04_param/lib/cpp04_param/demo01_param_server
[0.769s] -- Up-to-date: /home/jiaxin/ws01_plumbing/install/cpp04_param/lib/cpp04_param/demo02_param_client
[0.772s] -- Up-to-date: /home/jiaxin/ws01_plumbing/install/cpp04_param/share/ament_index/resource_index/package_run_dependencies/cpp04_param
[0.773s] -- Up-to-date: /home/jiaxin/ws01_plumbing/install/cpp04_param/share/ament_index/resource_index/parent_prefix_path/cpp04_param
[0.773s] -- Up-to-date: /home/jiaxin/ws01_plumbing/install/cpp04_param/share/cpp04_param/environment/ament_prefix_path.sh
[0.774s] -- Up-to-date: /home/jiaxin/ws01_plumbing/install/cpp04_param/share/cpp04_param/environment/ament_prefix_path.dsv
[0.775s] -- Up-to-date: /home/jiaxin/ws01_plumbing/install/cpp04_param/share/cpp04_param/environment/path.sh
[0.775s] -- Up-to-date: /home/jiaxin/ws01_plumbing/install/cpp04_param/share/cpp04_param/environment/path.dsv
[0.776s] -- Up-to-date: /home/jiaxin/ws01_plumbing/install/cpp04_param/share/cpp04_param/local_setup.bash
[0.776s] -- Up-to-date: /home/jiaxin/ws01_plumbing/install/cpp04_param/share/cpp04_param/local_setup.sh
[0.776s] -- Up-to-date: /home/jiaxin/ws01_plumbing/install/cpp04_param/share/cpp04_param/local_setup.zsh
[0.777s] -- Up-to-date: /home/jiaxin/ws01_plumbing/install/cpp04_param/share/cpp04_param/local_setup.dsv
[0.777s] -- Installing: /home/jiaxin/ws01_plumbing/install/cpp04_param/share/cpp04_param/package.dsv
[0.777s] -- Up-to-date: /home/jiaxin/ws01_plumbing/install/cpp04_param/share/ament_index/resource_index/packages/cpp04_param
[0.778s] -- Up-to-date: /home/jiaxin/ws01_plumbing/install/cpp04_param/share/cpp04_param/cmake/cpp04_paramConfig.cmake
[0.778s] -- Up-to-date: /home/jiaxin/ws01_plumbing/install/cpp04_param/share/cpp04_param/cmake/cpp04_paramConfig-version.cmake
[0.778s] -- Up-to-date: /home/jiaxin/ws01_plumbing/install/cpp04_param/share/cpp04_param/package.xml
[0.778s] Invoked command in '/home/jiaxin/ws01_plumbing/build/cpp04_param' returned '0': CMAKE_PREFIX_PATH=${CMAKE_PREFIX_PATH}:/opt/ros/humble /usr/bin/cmake --install /home/jiaxin/ws01_plumbing/build/cpp04_param
