[0.155s] Invoking command in '/home/jiaxin/ws01_plumbing/build/cpp01_topic': CMAKE_PREFIX_PATH=/home/jiaxin/ws01_plumbing/install/base_interfaces_demo:/home/jiaxin/ws01_plumbing/install/cpp04_param:/home/jiaxin/ws01_plumbing/install/cpp01_topic:/opt/ros/humble /usr/bin/cmake --build /home/jiaxin/ws01_plumbing/build/cpp01_topic -- -j4 -l4
[0.222s] [35m[1mConsolidate compiler generated dependencies of target demo05_test_pub[0m
[0.249s] [ 33%] Built target demo04_listener_stu
[0.254s] [ 66%] Built target demo03_talker_stu
[0.257s] [ 83%] [32mBuilding CXX object CMakeFiles/demo05_test_pub.dir/src/demo05_test_pub.cpp.o[0m
[9.335s] [100%] [32m[1mLinking CXX executable demo05_test_pub[0m
[9.841s] [100%] Built target demo05_test_pub
[9.865s] Invoked command in '/home/jiaxin/ws01_plumbing/build/cpp01_topic' returned '0': CMAKE_PREFIX_PATH=/home/jiaxin/ws01_plumbing/install/base_interfaces_demo:/home/jiaxin/ws01_plumbing/install/cpp04_param:/home/jiaxin/ws01_plumbing/install/cpp01_topic:/opt/ros/humble /usr/bin/cmake --build /home/jiaxin/ws01_plumbing/build/cpp01_topic -- -j4 -l4
[9.937s] Invoking command in '/home/jiaxin/ws01_plumbing/build/cpp01_topic': CMAKE_PREFIX_PATH=/home/jiaxin/ws01_plumbing/install/base_interfaces_demo:/home/jiaxin/ws01_plumbing/install/cpp04_param:/home/jiaxin/ws01_plumbing/install/cpp01_topic:/opt/ros/humble /usr/bin/cmake --install /home/jiaxin/ws01_plumbing/build/cpp01_topic
[9.948s] -- Install configuration: ""
[9.949s] -- Up-to-date: /home/jiaxin/ws01_plumbing/install/cpp01_topic/lib/cpp01_topic/demo03_talker_stu
[9.955s] -- Up-to-date: /home/jiaxin/ws01_plumbing/install/cpp01_topic/lib/cpp01_topic/demo04_listener_stu
[9.956s] -- Installing: /home/jiaxin/ws01_plumbing/install/cpp01_topic/lib/cpp01_topic/demo05_test_pub
[9.957s] -- Set runtime path of "/home/jiaxin/ws01_plumbing/install/cpp01_topic/lib/cpp01_topic/demo05_test_pub" to ""
[9.957s] -- Up-to-date: /home/jiaxin/ws01_plumbing/install/cpp01_topic/share/ament_index/resource_index/package_run_dependencies/cpp01_topic
[9.957s] -- Up-to-date: /home/jiaxin/ws01_plumbing/install/cpp01_topic/share/ament_index/resource_index/parent_prefix_path/cpp01_topic
[9.957s] -- Up-to-date: /home/jiaxin/ws01_plumbing/install/cpp01_topic/share/cpp01_topic/environment/ament_prefix_path.sh
[9.957s] -- Up-to-date: /home/jiaxin/ws01_plumbing/install/cpp01_topic/share/cpp01_topic/environment/ament_prefix_path.dsv
[9.957s] -- Up-to-date: /home/jiaxin/ws01_plumbing/install/cpp01_topic/share/cpp01_topic/environment/path.sh
[9.958s] -- Up-to-date: /home/jiaxin/ws01_plumbing/install/cpp01_topic/share/cpp01_topic/environment/path.dsv
[9.958s] -- Up-to-date: /home/jiaxin/ws01_plumbing/install/cpp01_topic/share/cpp01_topic/local_setup.bash
[9.958s] -- Up-to-date: /home/jiaxin/ws01_plumbing/install/cpp01_topic/share/cpp01_topic/local_setup.sh
[9.958s] -- Up-to-date: /home/jiaxin/ws01_plumbing/install/cpp01_topic/share/cpp01_topic/local_setup.zsh
[9.958s] -- Up-to-date: /home/jiaxin/ws01_plumbing/install/cpp01_topic/share/cpp01_topic/local_setup.dsv
[9.959s] -- Installing: /home/jiaxin/ws01_plumbing/install/cpp01_topic/share/cpp01_topic/package.dsv
[9.959s] -- Up-to-date: /home/jiaxin/ws01_plumbing/install/cpp01_topic/share/ament_index/resource_index/packages/cpp01_topic
[9.960s] -- Up-to-date: /home/jiaxin/ws01_plumbing/install/cpp01_topic/share/cpp01_topic/cmake/cpp01_topicConfig.cmake
[9.960s] -- Up-to-date: /home/jiaxin/ws01_plumbing/install/cpp01_topic/share/cpp01_topic/cmake/cpp01_topicConfig-version.cmake
[9.960s] -- Up-to-date: /home/jiaxin/ws01_plumbing/install/cpp01_topic/share/cpp01_topic/package.xml
[9.966s] Invoked command in '/home/jiaxin/ws01_plumbing/build/cpp01_topic' returned '0': CMAKE_PREFIX_PATH=/home/jiaxin/ws01_plumbing/install/base_interfaces_demo:/home/jiaxin/ws01_plumbing/install/cpp04_param:/home/jiaxin/ws01_plumbing/install/cpp01_topic:/opt/ros/humble /usr/bin/cmake --install /home/jiaxin/ws01_plumbing/build/cpp01_topic
