[0.567s] DEBUG:colcon:Command line arguments: ['/usr/bin/colcon', 'build', '--packages-select', 'cpp01_topic']
[0.567s] DEBUG:colcon:Parsed command line arguments: Namespace(log_base=None, log_level=None, verb_name='build', build_base='build', install_base='install', merge_install=False, symlink_install=False, test_result_base=None, continue_on_error=False, executor='parallel', parallel_workers=4, event_handlers=None, ignore_user_meta=False, metas=['./colcon.meta'], base_paths=['.'], packages_ignore=None, packages_ignore_regex=None, paths=None, packages_up_to=None, packages_up_to_regex=None, packages_above=None, packages_above_and_dependencies=None, packages_above_depth=None, packages_select_by_dep=None, packages_skip_by_dep=None, packages_skip_up_to=None, packages_select_build_failed=False, packages_skip_build_finished=False, packages_select_test_failures=False, packages_skip_test_passed=False, packages_select=['cpp01_topic'], packages_skip=None, packages_select_regex=None, packages_skip_regex=None, packages_start=None, packages_end=None, allow_overriding=[], cmake_args=None, cmake_target=None, cmake_target_skip_unavailable=False, cmake_clean_cache=False, cmake_clean_first=False, cmake_force_configure=False, ament_cmake_args=None, catkin_cmake_args=None, catkin_skip_building_tests=False, verb_parser=<colcon_defaults.argument_parser.defaults.DefaultArgumentsDecorator object at 0x7f24442b6d40>, verb_extension=<colcon_core.verb.build.BuildVerb object at 0x7f2444c60b20>, main=<bound method BuildVerb.main of <colcon_core.verb.build.BuildVerb object at 0x7f2444c60b20>>)
[0.597s] Level 1:colcon.colcon_core.package_discovery:discover_packages(colcon_meta) check parameters
[0.597s] Level 1:colcon.colcon_core.package_discovery:discover_packages(recursive) check parameters
[0.597s] Level 1:colcon.colcon_core.package_discovery:discover_packages(ignore) check parameters
[0.597s] Level 1:colcon.colcon_core.package_discovery:discover_packages(path) check parameters
[0.597s] Level 1:colcon.colcon_core.package_discovery:discover_packages(colcon_meta) discover
[0.598s] Level 1:colcon.colcon_core.package_discovery:discover_packages(recursive) discover
[0.598s] INFO:colcon.colcon_core.package_discovery:Crawling recursively for packages in '/home/jiaxin/ws01_plumbing'
[0.598s] Level 1:colcon.colcon_core.package_identification:_identify(.) by extensions ['ignore', 'ignore_ament_install']
[0.598s] Level 1:colcon.colcon_core.package_identification:_identify(.) by extension 'ignore'
[0.598s] Level 1:colcon.colcon_core.package_identification:_identify(.) by extension 'ignore_ament_install'
[0.599s] Level 1:colcon.colcon_core.package_identification:_identify(.) by extensions ['colcon_pkg']
[0.599s] Level 1:colcon.colcon_core.package_identification:_identify(.) by extension 'colcon_pkg'
[0.599s] Level 1:colcon.colcon_core.package_identification:_identify(.) by extensions ['colcon_meta']
[0.599s] Level 1:colcon.colcon_core.package_identification:_identify(.) by extension 'colcon_meta'
[0.599s] Level 1:colcon.colcon_core.package_identification:_identify(.) by extensions ['ros']
[0.599s] Level 1:colcon.colcon_core.package_identification:_identify(.) by extension 'ros'
[0.626s] Level 1:colcon.colcon_core.package_identification:_identify(.) by extensions ['cmake', 'python']
[0.626s] Level 1:colcon.colcon_core.package_identification:_identify(.) by extension 'cmake'
[0.626s] Level 1:colcon.colcon_core.package_identification:_identify(.) by extension 'python'
[0.626s] Level 1:colcon.colcon_core.package_identification:_identify(.) by extensions ['python_setup_py']
[0.626s] Level 1:colcon.colcon_core.package_identification:_identify(.) by extension 'python_setup_py'
[0.626s] Level 1:colcon.colcon_core.package_identification:_identify(build) by extensions ['ignore', 'ignore_ament_install']
[0.627s] Level 1:colcon.colcon_core.package_identification:_identify(build) by extension 'ignore'
[0.627s] Level 1:colcon.colcon_core.package_identification:_identify(build) ignored
[0.627s] Level 1:colcon.colcon_core.package_identification:_identify(install) by extensions ['ignore', 'ignore_ament_install']
[0.627s] Level 1:colcon.colcon_core.package_identification:_identify(install) by extension 'ignore'
[0.627s] Level 1:colcon.colcon_core.package_identification:_identify(install) ignored
[0.627s] Level 1:colcon.colcon_core.package_identification:_identify(log) by extensions ['ignore', 'ignore_ament_install']
[0.628s] Level 1:colcon.colcon_core.package_identification:_identify(log) by extension 'ignore'
[0.628s] Level 1:colcon.colcon_core.package_identification:_identify(log) ignored
[0.628s] Level 1:colcon.colcon_core.package_identification:_identify(src) by extensions ['ignore', 'ignore_ament_install']
[0.628s] Level 1:colcon.colcon_core.package_identification:_identify(src) by extension 'ignore'
[0.628s] Level 1:colcon.colcon_core.package_identification:_identify(src) by extension 'ignore_ament_install'
[0.628s] Level 1:colcon.colcon_core.package_identification:_identify(src) by extensions ['colcon_pkg']
[0.628s] Level 1:colcon.colcon_core.package_identification:_identify(src) by extension 'colcon_pkg'
[0.628s] Level 1:colcon.colcon_core.package_identification:_identify(src) by extensions ['colcon_meta']
[0.629s] Level 1:colcon.colcon_core.package_identification:_identify(src) by extension 'colcon_meta'
[0.629s] Level 1:colcon.colcon_core.package_identification:_identify(src) by extensions ['ros']
[0.629s] Level 1:colcon.colcon_core.package_identification:_identify(src) by extension 'ros'
[0.629s] Level 1:colcon.colcon_core.package_identification:_identify(src) by extensions ['cmake', 'python']
[0.629s] Level 1:colcon.colcon_core.package_identification:_identify(src) by extension 'cmake'
[0.629s] Level 1:colcon.colcon_core.package_identification:_identify(src) by extension 'python'
[0.629s] Level 1:colcon.colcon_core.package_identification:_identify(src) by extensions ['python_setup_py']
[0.629s] Level 1:colcon.colcon_core.package_identification:_identify(src) by extension 'python_setup_py'
[0.629s] Level 1:colcon.colcon_core.package_identification:_identify(src/base_interfaces_demo) by extensions ['ignore', 'ignore_ament_install']
[0.630s] Level 1:colcon.colcon_core.package_identification:_identify(src/base_interfaces_demo) by extension 'ignore'
[0.630s] Level 1:colcon.colcon_core.package_identification:_identify(src/base_interfaces_demo) by extension 'ignore_ament_install'
[0.630s] Level 1:colcon.colcon_core.package_identification:_identify(src/base_interfaces_demo) by extensions ['colcon_pkg']
[0.630s] Level 1:colcon.colcon_core.package_identification:_identify(src/base_interfaces_demo) by extension 'colcon_pkg'
[0.630s] Level 1:colcon.colcon_core.package_identification:_identify(src/base_interfaces_demo) by extensions ['colcon_meta']
[0.630s] Level 1:colcon.colcon_core.package_identification:_identify(src/base_interfaces_demo) by extension 'colcon_meta'
[0.630s] Level 1:colcon.colcon_core.package_identification:_identify(src/base_interfaces_demo) by extensions ['ros']
[0.630s] Level 1:colcon.colcon_core.package_identification:_identify(src/base_interfaces_demo) by extension 'ros'
[0.634s] DEBUG:colcon.colcon_core.package_identification:Package 'src/base_interfaces_demo' with type 'ros.ament_cmake' and name 'base_interfaces_demo'
[0.634s] Level 1:colcon.colcon_core.package_identification:_identify(src/cpp01_topic) by extensions ['ignore', 'ignore_ament_install']
[0.634s] Level 1:colcon.colcon_core.package_identification:_identify(src/cpp01_topic) by extension 'ignore'
[0.635s] Level 1:colcon.colcon_core.package_identification:_identify(src/cpp01_topic) by extension 'ignore_ament_install'
[0.635s] Level 1:colcon.colcon_core.package_identification:_identify(src/cpp01_topic) by extensions ['colcon_pkg']
[0.635s] Level 1:colcon.colcon_core.package_identification:_identify(src/cpp01_topic) by extension 'colcon_pkg'
[0.635s] Level 1:colcon.colcon_core.package_identification:_identify(src/cpp01_topic) by extensions ['colcon_meta']
[0.635s] Level 1:colcon.colcon_core.package_identification:_identify(src/cpp01_topic) by extension 'colcon_meta'
[0.635s] Level 1:colcon.colcon_core.package_identification:_identify(src/cpp01_topic) by extensions ['ros']
[0.635s] Level 1:colcon.colcon_core.package_identification:_identify(src/cpp01_topic) by extension 'ros'
[0.636s] DEBUG:colcon.colcon_core.package_identification:Package 'src/cpp01_topic' with type 'ros.ament_cmake' and name 'cpp01_topic'
[0.636s] Level 1:colcon.colcon_core.package_discovery:discover_packages(recursive) using defaults
[0.637s] Level 1:colcon.colcon_core.package_discovery:discover_packages(ignore) discover
[0.637s] Level 1:colcon.colcon_core.package_discovery:discover_packages(ignore) using defaults
[0.637s] Level 1:colcon.colcon_core.package_discovery:discover_packages(path) discover
[0.637s] Level 1:colcon.colcon_core.package_discovery:discover_packages(path) using defaults
[0.667s] INFO:colcon.colcon_core.package_selection:Skipping not selected package 'base_interfaces_demo' in 'src/base_interfaces_demo'
[0.668s] Level 1:colcon.colcon_core.package_discovery:discover_packages(prefix_path) check parameters
[0.668s] Level 1:colcon.colcon_core.package_discovery:discover_packages(prefix_path) discover
[0.673s] DEBUG:colcon.colcon_installed_package_information.package_discovery:Found 270 installed packages in /opt/ros/humble
[0.676s] Level 1:colcon.colcon_core.package_discovery:discover_packages(prefix_path) using defaults
[0.775s] Level 5:colcon.colcon_core.verb:set package 'cpp01_topic' build argument 'cmake_args' from command line to 'None'
[0.775s] Level 5:colcon.colcon_core.verb:set package 'cpp01_topic' build argument 'cmake_target' from command line to 'None'
[0.775s] Level 5:colcon.colcon_core.verb:set package 'cpp01_topic' build argument 'cmake_target_skip_unavailable' from command line to 'False'
[0.775s] Level 5:colcon.colcon_core.verb:set package 'cpp01_topic' build argument 'cmake_clean_cache' from command line to 'False'
[0.775s] Level 5:colcon.colcon_core.verb:set package 'cpp01_topic' build argument 'cmake_clean_first' from command line to 'False'
[0.775s] Level 5:colcon.colcon_core.verb:set package 'cpp01_topic' build argument 'cmake_force_configure' from command line to 'False'
[0.775s] Level 5:colcon.colcon_core.verb:set package 'cpp01_topic' build argument 'ament_cmake_args' from command line to 'None'
[0.775s] Level 5:colcon.colcon_core.verb:set package 'cpp01_topic' build argument 'catkin_cmake_args' from command line to 'None'
[0.776s] Level 5:colcon.colcon_core.verb:set package 'cpp01_topic' build argument 'catkin_skip_building_tests' from command line to 'False'
[0.776s] DEBUG:colcon.colcon_core.verb:Building package 'cpp01_topic' with the following arguments: {'ament_cmake_args': None, 'build_base': '/home/jiaxin/ws01_plumbing/build/cpp01_topic', 'catkin_cmake_args': None, 'catkin_skip_building_tests': False, 'cmake_args': None, 'cmake_clean_cache': False, 'cmake_clean_first': False, 'cmake_force_configure': False, 'cmake_target': None, 'cmake_target_skip_unavailable': False, 'install_base': '/home/jiaxin/ws01_plumbing/install/cpp01_topic', 'merge_install': False, 'path': '/home/jiaxin/ws01_plumbing/src/cpp01_topic', 'symlink_install': False, 'test_result_base': None}
[0.777s] INFO:colcon.colcon_core.executor:Executing jobs using 'parallel' executor
[0.784s] DEBUG:colcon.colcon_parallel_executor.executor.parallel:run_until_complete
[0.785s] INFO:colcon.colcon_ros.task.ament_cmake.build:Building ROS package in '/home/jiaxin/ws01_plumbing/src/cpp01_topic' with build type 'ament_cmake'
[0.786s] INFO:colcon.colcon_cmake.task.cmake.build:Building CMake package in '/home/jiaxin/ws01_plumbing/src/cpp01_topic'
[0.799s] INFO:colcon.colcon_core.plugin_system:Skipping extension 'colcon_core.shell.bat': Not used on non-Windows systems
[0.799s] INFO:colcon.colcon_core.shell:Skip shell extension 'powershell' for command environment: Not usable outside of PowerShell
[0.799s] DEBUG:colcon.colcon_core.shell:Skip shell extension 'dsv' for command environment
[0.961s] DEBUG:colcon.colcon_core.event_handler.log_command:Invoking command in '/home/jiaxin/ws01_plumbing/build/cpp01_topic': AMENT_PREFIX_PATH=/home/jiaxin/ws01_plumbing/install/base_interfaces_demo:${AMENT_PREFIX_PATH} CMAKE_PREFIX_PATH=/home/jiaxin/ws01_plumbing/install/base_interfaces_demo:/opt/ros/humble LD_LIBRARY_PATH=/home/jiaxin/ws01_plumbing/install/base_interfaces_demo/lib:${LD_LIBRARY_PATH} PYTHONPATH=/home/jiaxin/ws01_plumbing/install/base_interfaces_demo/local/lib/python3.10/dist-packages:${PYTHONPATH} /usr/bin/cmake --build /home/jiaxin/ws01_plumbing/build/cpp01_topic -- -j4 -l4
[17.058s] DEBUG:colcon.colcon_core.event_handler.log_command:Invoked command in '/home/jiaxin/ws01_plumbing/build/cpp01_topic' returned '0': AMENT_PREFIX_PATH=/home/jiaxin/ws01_plumbing/install/base_interfaces_demo:${AMENT_PREFIX_PATH} CMAKE_PREFIX_PATH=/home/jiaxin/ws01_plumbing/install/base_interfaces_demo:/opt/ros/humble LD_LIBRARY_PATH=/home/jiaxin/ws01_plumbing/install/base_interfaces_demo/lib:${LD_LIBRARY_PATH} PYTHONPATH=/home/jiaxin/ws01_plumbing/install/base_interfaces_demo/local/lib/python3.10/dist-packages:${PYTHONPATH} /usr/bin/cmake --build /home/jiaxin/ws01_plumbing/build/cpp01_topic -- -j4 -l4
[17.113s] DEBUG:colcon.colcon_core.event_handler.log_command:Invoking command in '/home/jiaxin/ws01_plumbing/build/cpp01_topic': AMENT_PREFIX_PATH=/home/jiaxin/ws01_plumbing/install/base_interfaces_demo:${AMENT_PREFIX_PATH} CMAKE_PREFIX_PATH=/home/jiaxin/ws01_plumbing/install/base_interfaces_demo:/opt/ros/humble LD_LIBRARY_PATH=/home/jiaxin/ws01_plumbing/install/base_interfaces_demo/lib:${LD_LIBRARY_PATH} PYTHONPATH=/home/jiaxin/ws01_plumbing/install/base_interfaces_demo/local/lib/python3.10/dist-packages:${PYTHONPATH} /usr/bin/cmake --install /home/jiaxin/ws01_plumbing/build/cpp01_topic
[17.149s] Level 1:colcon.colcon_core.environment:create_environment_scripts_only(cpp01_topic)
[17.151s] DEBUG:colcon.colcon_core.event_handler.log_command:Invoked command in '/home/jiaxin/ws01_plumbing/build/cpp01_topic' returned '0': AMENT_PREFIX_PATH=/home/jiaxin/ws01_plumbing/install/base_interfaces_demo:${AMENT_PREFIX_PATH} CMAKE_PREFIX_PATH=/home/jiaxin/ws01_plumbing/install/base_interfaces_demo:/opt/ros/humble LD_LIBRARY_PATH=/home/jiaxin/ws01_plumbing/install/base_interfaces_demo/lib:${LD_LIBRARY_PATH} PYTHONPATH=/home/jiaxin/ws01_plumbing/install/base_interfaces_demo/local/lib/python3.10/dist-packages:${PYTHONPATH} /usr/bin/cmake --install /home/jiaxin/ws01_plumbing/build/cpp01_topic
[17.156s] Level 1:colcon.colcon_core.environment:checking '/home/jiaxin/ws01_plumbing/install/cpp01_topic' for CMake module files
[17.157s] Level 1:colcon.colcon_core.environment:checking '/home/jiaxin/ws01_plumbing/install/cpp01_topic' for CMake config files
[17.157s] Level 1:colcon.colcon_core.shell:create_environment_hook('cpp01_topic', 'cmake_prefix_path')
[17.159s] INFO:colcon.colcon_core.shell:Creating environment hook '/home/jiaxin/ws01_plumbing/install/cpp01_topic/share/cpp01_topic/hook/cmake_prefix_path.ps1'
[17.160s] INFO:colcon.colcon_core.shell:Creating environment descriptor '/home/jiaxin/ws01_plumbing/install/cpp01_topic/share/cpp01_topic/hook/cmake_prefix_path.dsv'
[17.161s] INFO:colcon.colcon_core.shell:Creating environment hook '/home/jiaxin/ws01_plumbing/install/cpp01_topic/share/cpp01_topic/hook/cmake_prefix_path.sh'
[17.163s] Level 1:colcon.colcon_core.environment:checking '/home/jiaxin/ws01_plumbing/install/cpp01_topic/lib'
[17.163s] Level 1:colcon.colcon_core.environment:checking '/home/jiaxin/ws01_plumbing/install/cpp01_topic/bin'
[17.163s] Level 1:colcon.colcon_core.environment:checking '/home/jiaxin/ws01_plumbing/install/cpp01_topic/lib/pkgconfig/cpp01_topic.pc'
[17.164s] Level 1:colcon.colcon_core.environment:checking '/home/jiaxin/ws01_plumbing/install/cpp01_topic/lib/python3.10/site-packages'
[17.164s] Level 1:colcon.colcon_core.environment:checking '/home/jiaxin/ws01_plumbing/install/cpp01_topic/bin'
[17.166s] INFO:colcon.colcon_core.shell:Creating package script '/home/jiaxin/ws01_plumbing/install/cpp01_topic/share/cpp01_topic/package.ps1'
[17.167s] INFO:colcon.colcon_core.shell:Creating package descriptor '/home/jiaxin/ws01_plumbing/install/cpp01_topic/share/cpp01_topic/package.dsv'
[17.168s] INFO:colcon.colcon_core.shell:Creating package script '/home/jiaxin/ws01_plumbing/install/cpp01_topic/share/cpp01_topic/package.sh'
[17.169s] INFO:colcon.colcon_core.shell:Creating package script '/home/jiaxin/ws01_plumbing/install/cpp01_topic/share/cpp01_topic/package.bash'
[17.170s] INFO:colcon.colcon_core.shell:Creating package script '/home/jiaxin/ws01_plumbing/install/cpp01_topic/share/cpp01_topic/package.zsh'
[17.171s] Level 1:colcon.colcon_core.environment:create_file_with_runtime_dependencies(/home/jiaxin/ws01_plumbing/install/cpp01_topic/share/colcon-core/packages/cpp01_topic)
[17.214s] Level 1:colcon.colcon_core.environment:create_environment_scripts_only(cpp01_topic)
[17.217s] Level 1:colcon.colcon_core.environment:checking '/home/jiaxin/ws01_plumbing/install/cpp01_topic' for CMake module files
[17.217s] Level 1:colcon.colcon_core.environment:checking '/home/jiaxin/ws01_plumbing/install/cpp01_topic' for CMake config files
[17.218s] Level 1:colcon.colcon_core.shell:create_environment_hook('cpp01_topic', 'cmake_prefix_path')
[17.219s] INFO:colcon.colcon_core.shell:Creating environment hook '/home/jiaxin/ws01_plumbing/install/cpp01_topic/share/cpp01_topic/hook/cmake_prefix_path.ps1'
[17.220s] INFO:colcon.colcon_core.shell:Creating environment descriptor '/home/jiaxin/ws01_plumbing/install/cpp01_topic/share/cpp01_topic/hook/cmake_prefix_path.dsv'
[17.221s] INFO:colcon.colcon_core.shell:Creating environment hook '/home/jiaxin/ws01_plumbing/install/cpp01_topic/share/cpp01_topic/hook/cmake_prefix_path.sh'
[17.222s] Level 1:colcon.colcon_core.environment:checking '/home/jiaxin/ws01_plumbing/install/cpp01_topic/lib'
[17.222s] Level 1:colcon.colcon_core.environment:checking '/home/jiaxin/ws01_plumbing/install/cpp01_topic/bin'
[17.222s] Level 1:colcon.colcon_core.environment:checking '/home/jiaxin/ws01_plumbing/install/cpp01_topic/lib/pkgconfig/cpp01_topic.pc'
[17.223s] Level 1:colcon.colcon_core.environment:checking '/home/jiaxin/ws01_plumbing/install/cpp01_topic/lib/python3.10/site-packages'
[17.223s] Level 1:colcon.colcon_core.environment:checking '/home/jiaxin/ws01_plumbing/install/cpp01_topic/bin'
[17.226s] INFO:colcon.colcon_core.shell:Creating package script '/home/jiaxin/ws01_plumbing/install/cpp01_topic/share/cpp01_topic/package.ps1'
[17.228s] INFO:colcon.colcon_core.shell:Creating package descriptor '/home/jiaxin/ws01_plumbing/install/cpp01_topic/share/cpp01_topic/package.dsv'
[17.229s] INFO:colcon.colcon_core.shell:Creating package script '/home/jiaxin/ws01_plumbing/install/cpp01_topic/share/cpp01_topic/package.sh'
[17.230s] INFO:colcon.colcon_core.shell:Creating package script '/home/jiaxin/ws01_plumbing/install/cpp01_topic/share/cpp01_topic/package.bash'
[17.231s] INFO:colcon.colcon_core.shell:Creating package script '/home/jiaxin/ws01_plumbing/install/cpp01_topic/share/cpp01_topic/package.zsh'
[17.232s] Level 1:colcon.colcon_core.environment:create_file_with_runtime_dependencies(/home/jiaxin/ws01_plumbing/install/cpp01_topic/share/colcon-core/packages/cpp01_topic)
[17.233s] DEBUG:colcon.colcon_parallel_executor.executor.parallel:closing loop
[17.234s] DEBUG:colcon.colcon_parallel_executor.executor.parallel:loop closed
[17.235s] DEBUG:colcon.colcon_parallel_executor.executor.parallel:run_until_complete finished with '0'
[17.235s] DEBUG:colcon.colcon_core.event_reactor:joining thread
[17.316s] INFO:colcon.colcon_core.plugin_system:Skipping extension 'colcon_notification.desktop_notification.notify_send': Could not find 'notify-send'
[17.316s] INFO:colcon.colcon_core.plugin_system:Skipping extension 'colcon_notification.desktop_notification.terminal_notifier': Not used on non-Darwin systems
[17.317s] INFO:colcon.colcon_core.plugin_system:Skipping extension 'colcon_notification.desktop_notification.win32': Not used on non-Windows systems
[17.317s] INFO:colcon.colcon_notification.desktop_notification:Sending desktop notification using 'notify2'
[17.359s] DEBUG:colcon.colcon_notification.desktop_notification.notify2:Failed to initialize notify2: org.freedesktop.DBus.Error.ServiceUnknown: The name org.freedesktop.Notifications was not provided by any .service files
[17.359s] DEBUG:colcon.colcon_core.event_reactor:joined thread
[17.363s] INFO:colcon.colcon_core.shell:Creating prefix script '/home/jiaxin/ws01_plumbing/install/local_setup.ps1'
[17.364s] INFO:colcon.colcon_core.shell:Creating prefix util module '/home/jiaxin/ws01_plumbing/install/_local_setup_util_ps1.py'
[17.366s] INFO:colcon.colcon_core.shell:Creating prefix chain script '/home/jiaxin/ws01_plumbing/install/setup.ps1'
[17.368s] INFO:colcon.colcon_core.shell:Creating prefix script '/home/jiaxin/ws01_plumbing/install/local_setup.sh'
[17.369s] INFO:colcon.colcon_core.shell:Creating prefix util module '/home/jiaxin/ws01_plumbing/install/_local_setup_util_sh.py'
[17.370s] INFO:colcon.colcon_core.shell:Creating prefix chain script '/home/jiaxin/ws01_plumbing/install/setup.sh'
[17.374s] INFO:colcon.colcon_core.shell:Creating prefix script '/home/jiaxin/ws01_plumbing/install/local_setup.bash'
[17.375s] INFO:colcon.colcon_core.shell:Creating prefix chain script '/home/jiaxin/ws01_plumbing/install/setup.bash'
[17.377s] INFO:colcon.colcon_core.shell:Creating prefix script '/home/jiaxin/ws01_plumbing/install/local_setup.zsh'
[17.378s] INFO:colcon.colcon_core.shell:Creating prefix chain script '/home/jiaxin/ws01_plumbing/install/setup.zsh'
