[0.040s] Invoking command in '/home/jiaxin/ws01_plumbing/build/cpp04_param': CMAKE_PREFIX_PATH=${CMAKE_PREFIX_PATH}:/opt/ros/humble /usr/bin/cmake --build /home/jiaxin/ws01_plumbing/build/cpp04_param -- -j4 -l4
[0.097s] [35m[1mConsolidate compiler generated dependencies of target demo02_param_client[0m
[0.119s] [ 33%] Built target demo00_param
[0.123s] [ 66%] Built target demo01_param_server
[0.137s] [ 83%] [32mBuilding CXX object CMakeFiles/demo02_param_client.dir/src/demo02_param_client.cpp.o[0m
[7.184s] [100%] [32m[1mLinking CXX executable demo02_param_client[0m
[7.789s] [100%] Built target demo02_param_client
[7.807s] Invoked command in '/home/jiaxin/ws01_plumbing/build/cpp04_param' returned '0': CMAKE_PREFIX_PATH=${CMAKE_PREFIX_PATH}:/opt/ros/humble /usr/bin/cmake --build /home/jiaxin/ws01_plumbing/build/cpp04_param -- -j4 -l4
[7.881s] Invoking command in '/home/jiaxin/ws01_plumbing/build/cpp04_param': CMAKE_PREFIX_PATH=${CMAKE_PREFIX_PATH}:/opt/ros/humble /usr/bin/cmake --install /home/jiaxin/ws01_plumbing/build/cpp04_param
[7.893s] -- Install configuration: ""
[7.894s] -- Up-to-date: /home/jiaxin/ws01_plumbing/install/cpp04_param/lib/cpp04_param/demo00_param
[7.895s] -- Up-to-date: /home/jiaxin/ws01_plumbing/install/cpp04_param/lib/cpp04_param/demo01_param_server
[7.896s] -- Installing: /home/jiaxin/ws01_plumbing/install/cpp04_param/lib/cpp04_param/demo02_param_client
[7.900s] -- Set runtime path of "/home/jiaxin/ws01_plumbing/install/cpp04_param/lib/cpp04_param/demo02_param_client" to ""
[7.901s] -- Up-to-date: /home/jiaxin/ws01_plumbing/install/cpp04_param/share/ament_index/resource_index/package_run_dependencies/cpp04_param
[7.901s] -- Up-to-date: /home/jiaxin/ws01_plumbing/install/cpp04_param/share/ament_index/resource_index/parent_prefix_path/cpp04_param
[7.902s] -- Up-to-date: /home/jiaxin/ws01_plumbing/install/cpp04_param/share/cpp04_param/environment/ament_prefix_path.sh
[7.902s] -- Up-to-date: /home/jiaxin/ws01_plumbing/install/cpp04_param/share/cpp04_param/environment/ament_prefix_path.dsv
[7.903s] -- Up-to-date: /home/jiaxin/ws01_plumbing/install/cpp04_param/share/cpp04_param/environment/path.sh
[7.903s] -- Up-to-date: /home/jiaxin/ws01_plumbing/install/cpp04_param/share/cpp04_param/environment/path.dsv
[7.905s] -- Up-to-date: /home/jiaxin/ws01_plumbing/install/cpp04_param/share/cpp04_param/local_setup.bash
[7.906s] -- Up-to-date: /home/jiaxin/ws01_plumbing/install/cpp04_param/share/cpp04_param/local_setup.sh
[7.908s] -- Up-to-date: /home/jiaxin/ws01_plumbing/install/cpp04_param/share/cpp04_param/local_setup.zsh
[7.909s] -- Up-to-date: /home/jiaxin/ws01_plumbing/install/cpp04_param/share/cpp04_param/local_setup.dsv
[7.911s] -- Installing: /home/jiaxin/ws01_plumbing/install/cpp04_param/share/cpp04_param/package.dsv
[7.913s] -- Up-to-date: /home/jiaxin/ws01_plumbing/install/cpp04_param/share/ament_index/resource_index/packages/cpp04_param
[7.913s] -- Up-to-date: /home/jiaxin/ws01_plumbing/install/cpp04_param/share/cpp04_param/cmake/cpp04_paramConfig.cmake
[7.913s] -- Up-to-date: /home/jiaxin/ws01_plumbing/install/cpp04_param/share/cpp04_param/cmake/cpp04_paramConfig-version.cmake
[7.914s] -- Up-to-date: /home/jiaxin/ws01_plumbing/install/cpp04_param/share/cpp04_param/package.xml
[7.915s] Invoked command in '/home/jiaxin/ws01_plumbing/build/cpp04_param' returned '0': CMAKE_PREFIX_PATH=${CMAKE_PREFIX_PATH}:/opt/ros/humble /usr/bin/cmake --install /home/jiaxin/ws01_plumbing/build/cpp04_param
