[35m[1mConsolidate compiler generated dependencies of target demo03_talker_stu[0m
[ 25%] [32mBuilding CXX object CMakeFiles/demo04_listener_stu.dir/src/demo04_listener_stu.cpp.o[0m
[ 75%] Built target demo03_talker_stu
[100%] [32m[1mLinking CXX executable demo04_listener_stu[0m
[100%] Built target demo04_listener_stu
-- Install configuration: ""
-- Installing: /home/jiaxin/ws01_plumbing/install/cpp01_topic/lib/cpp01_topic/demo03_talker_stu
-- Set runtime path of "/home/jiaxin/ws01_plumbing/install/cpp01_topic/lib/cpp01_topic/demo03_talker_stu" to ""
-- Installing: /home/jiaxin/ws01_plumbing/install/cpp01_topic/lib/cpp01_topic/demo04_listener_stu
-- Set runtime path of "/home/jiaxin/ws01_plumbing/install/cpp01_topic/lib/cpp01_topic/demo04_listener_stu" to ""
-- Installing: /home/jiaxin/ws01_plumbing/install/cpp01_topic/share/ament_index/resource_index/package_run_dependencies/cpp01_topic
-- Installing: /home/jiaxin/ws01_plumbing/install/cpp01_topic/share/ament_index/resource_index/parent_prefix_path/cpp01_topic
-- Installing: /home/jiaxin/ws01_plumbing/install/cpp01_topic/share/cpp01_topic/environment/ament_prefix_path.sh
-- Installing: /home/jiaxin/ws01_plumbing/install/cpp01_topic/share/cpp01_topic/environment/ament_prefix_path.dsv
-- Installing: /home/jiaxin/ws01_plumbing/install/cpp01_topic/share/cpp01_topic/environment/path.sh
-- Installing: /home/jiaxin/ws01_plumbing/install/cpp01_topic/share/cpp01_topic/environment/path.dsv
-- Installing: /home/jiaxin/ws01_plumbing/install/cpp01_topic/share/cpp01_topic/local_setup.bash
-- Installing: /home/jiaxin/ws01_plumbing/install/cpp01_topic/share/cpp01_topic/local_setup.sh
-- Installing: /home/jiaxin/ws01_plumbing/install/cpp01_topic/share/cpp01_topic/local_setup.zsh
-- Installing: /home/jiaxin/ws01_plumbing/install/cpp01_topic/share/cpp01_topic/local_setup.dsv
-- Installing: /home/jiaxin/ws01_plumbing/install/cpp01_topic/share/cpp01_topic/package.dsv
-- Installing: /home/jiaxin/ws01_plumbing/install/cpp01_topic/share/ament_index/resource_index/packages/cpp01_topic
-- Installing: /home/jiaxin/ws01_plumbing/install/cpp01_topic/share/cpp01_topic/cmake/cpp01_topicConfig.cmake
-- Installing: /home/jiaxin/ws01_plumbing/install/cpp01_topic/share/cpp01_topic/cmake/cpp01_topicConfig-version.cmake
-- Installing: /home/jiaxin/ws01_plumbing/install/cpp01_topic/share/cpp01_topic/package.xml
