[0.173s] Invoking command in '/home/jiaxin/ws01_plumbing/build/cpp01_topic': AMENT_PREFIX_PATH=/home/jiaxin/ws01_plumbing/install/base_interfaces_demo:${AMENT_PREFIX_PATH} CMAKE_PREFIX_PATH=/home/jiaxin/ws01_plumbing/install/base_interfaces_demo:/opt/ros/humble LD_LIBRARY_PATH=/home/jiaxin/ws01_plumbing/install/base_interfaces_demo/lib:${LD_LIBRARY_PATH} PYTHONPATH=/home/jiaxin/ws01_plumbing/install/base_interfaces_demo/local/lib/python3.10/dist-packages:${PYTHONPATH} /usr/bin/cmake --build /home/jiaxin/ws01_plumbing/build/cpp01_topic -- -j4 -l4
[0.236s] [35m[1mConsolidate compiler generated dependencies of target demo03_talker_stu[0m
[0.243s] [ 25%] [32mBuilding CXX object CMakeFiles/demo04_listener_stu.dir/src/demo04_listener_stu.cpp.o[0m
[0.264s] [ 75%] Built target demo03_talker_stu
[15.293s] [100%] [32m[1mLinking CXX executable demo04_listener_stu[0m
[16.256s] [100%] Built target demo04_listener_stu
[16.270s] Invoked command in '/home/jiaxin/ws01_plumbing/build/cpp01_topic' returned '0': AMENT_PREFIX_PATH=/home/jiaxin/ws01_plumbing/install/base_interfaces_demo:${AMENT_PREFIX_PATH} CMAKE_PREFIX_PATH=/home/jiaxin/ws01_plumbing/install/base_interfaces_demo:/opt/ros/humble LD_LIBRARY_PATH=/home/jiaxin/ws01_plumbing/install/base_interfaces_demo/lib:${LD_LIBRARY_PATH} PYTHONPATH=/home/jiaxin/ws01_plumbing/install/base_interfaces_demo/local/lib/python3.10/dist-packages:${PYTHONPATH} /usr/bin/cmake --build /home/jiaxin/ws01_plumbing/build/cpp01_topic -- -j4 -l4
[16.325s] Invoking command in '/home/jiaxin/ws01_plumbing/build/cpp01_topic': AMENT_PREFIX_PATH=/home/jiaxin/ws01_plumbing/install/base_interfaces_demo:${AMENT_PREFIX_PATH} CMAKE_PREFIX_PATH=/home/jiaxin/ws01_plumbing/install/base_interfaces_demo:/opt/ros/humble LD_LIBRARY_PATH=/home/jiaxin/ws01_plumbing/install/base_interfaces_demo/lib:${LD_LIBRARY_PATH} PYTHONPATH=/home/jiaxin/ws01_plumbing/install/base_interfaces_demo/local/lib/python3.10/dist-packages:${PYTHONPATH} /usr/bin/cmake --install /home/jiaxin/ws01_plumbing/build/cpp01_topic
[16.338s] -- Install configuration: ""
[16.338s] -- Installing: /home/jiaxin/ws01_plumbing/install/cpp01_topic/lib/cpp01_topic/demo03_talker_stu
[16.342s] -- Set runtime path of "/home/jiaxin/ws01_plumbing/install/cpp01_topic/lib/cpp01_topic/demo03_talker_stu" to ""
[16.342s] -- Installing: /home/jiaxin/ws01_plumbing/install/cpp01_topic/lib/cpp01_topic/demo04_listener_stu
[16.353s] -- Set runtime path of "/home/jiaxin/ws01_plumbing/install/cpp01_topic/lib/cpp01_topic/demo04_listener_stu" to ""
[16.353s] -- Installing: /home/jiaxin/ws01_plumbing/install/cpp01_topic/share/ament_index/resource_index/package_run_dependencies/cpp01_topic
[16.354s] -- Installing: /home/jiaxin/ws01_plumbing/install/cpp01_topic/share/ament_index/resource_index/parent_prefix_path/cpp01_topic
[16.355s] -- Installing: /home/jiaxin/ws01_plumbing/install/cpp01_topic/share/cpp01_topic/environment/ament_prefix_path.sh
[16.355s] -- Installing: /home/jiaxin/ws01_plumbing/install/cpp01_topic/share/cpp01_topic/environment/ament_prefix_path.dsv
[16.356s] -- Installing: /home/jiaxin/ws01_plumbing/install/cpp01_topic/share/cpp01_topic/environment/path.sh
[16.356s] -- Installing: /home/jiaxin/ws01_plumbing/install/cpp01_topic/share/cpp01_topic/environment/path.dsv
[16.357s] -- Installing: /home/jiaxin/ws01_plumbing/install/cpp01_topic/share/cpp01_topic/local_setup.bash
[16.357s] -- Installing: /home/jiaxin/ws01_plumbing/install/cpp01_topic/share/cpp01_topic/local_setup.sh
[16.357s] -- Installing: /home/jiaxin/ws01_plumbing/install/cpp01_topic/share/cpp01_topic/local_setup.zsh
[16.358s] -- Installing: /home/jiaxin/ws01_plumbing/install/cpp01_topic/share/cpp01_topic/local_setup.dsv
[16.358s] -- Installing: /home/jiaxin/ws01_plumbing/install/cpp01_topic/share/cpp01_topic/package.dsv
[16.359s] -- Installing: /home/jiaxin/ws01_plumbing/install/cpp01_topic/share/ament_index/resource_index/packages/cpp01_topic
[16.359s] -- Installing: /home/jiaxin/ws01_plumbing/install/cpp01_topic/share/cpp01_topic/cmake/cpp01_topicConfig.cmake
[16.359s] -- Installing: /home/jiaxin/ws01_plumbing/install/cpp01_topic/share/cpp01_topic/cmake/cpp01_topicConfig-version.cmake
[16.360s] -- Installing: /home/jiaxin/ws01_plumbing/install/cpp01_topic/share/cpp01_topic/package.xml
[16.363s] Invoked command in '/home/jiaxin/ws01_plumbing/build/cpp01_topic' returned '0': AMENT_PREFIX_PATH=/home/jiaxin/ws01_plumbing/install/base_interfaces_demo:${AMENT_PREFIX_PATH} CMAKE_PREFIX_PATH=/home/jiaxin/ws01_plumbing/install/base_interfaces_demo:/opt/ros/humble LD_LIBRARY_PATH=/home/jiaxin/ws01_plumbing/install/base_interfaces_demo/lib:${LD_LIBRARY_PATH} PYTHONPATH=/home/jiaxin/ws01_plumbing/install/base_interfaces_demo/local/lib/python3.10/dist-packages:${PYTHONPATH} /usr/bin/cmake --install /home/jiaxin/ws01_plumbing/build/cpp01_topic
