[0.058s] Invoking command in '/home/jiaxin/ws01_plumbing/build/base_interfaces_demo': CMAKE_PREFIX_PATH=/opt/ros/humble /usr/bin/cmake /home/jiaxin/ws01_plumbing/src/base_interfaces_demo -DCMAKE_INSTALL_PREFIX=/home/jiaxin/ws01_plumbing/install/base_interfaces_demo
[0.755s] -- The C compiler identification is GNU 11.2.0
[1.675s] -- The CXX compiler identification is GNU 11.2.0
[2.178s] -- Detecting C compiler ABI info
[2.480s] -- Detecting C compiler ABI info - done
[2.495s] -- Check for working C compiler: /usr/bin/cc - skipped
[2.497s] -- Detecting C compile features
[2.499s] -- Detecting C compile features - done
[2.508s] -- Detecting CXX compiler ABI info
[2.844s] -- Detecting CXX compiler ABI info - done
[2.849s] -- Check for working CXX compiler: /usr/bin/c++ - skipped
[2.851s] -- Detecting CXX compile features
[2.856s] -- Detecting CXX compile features - done
[2.875s] -- Found ament_cmake: 1.3.2 (/opt/ros/humble/share/ament_cmake/cmake)
[3.283s] -- Found Python3: /usr/bin/python3.10 (found version "3.10.6") found components: Interpreter 
[3.523s] -- Found rosidl_default_generators: 1.2.0 (/opt/ros/humble/share/rosidl_default_generators/cmake)
[3.539s] -- Using all available rosidl_typesupport_c: rosidl_typesupport_fastrtps_c;rosidl_typesupport_introspection_c
[3.565s] -- Found rosidl_adapter: 3.1.3 (/opt/ros/humble/share/rosidl_adapter/cmake)
[4.039s] -- Using all available rosidl_typesupport_cpp: rosidl_typesupport_fastrtps_cpp;rosidl_typesupport_introspection_cpp
[4.731s] -- Found ament_cmake_ros: 0.10.0 (/opt/ros/humble/share/ament_cmake_ros/cmake)
[5.662s] -- Using all available rosidl_typesupport_c: rosidl_typesupport_fastrtps_c;rosidl_typesupport_introspection_c
[6.502s] -- Using all available rosidl_typesupport_cpp: rosidl_typesupport_fastrtps_cpp;rosidl_typesupport_introspection_cpp
[6.794s] -- Found PythonInterp: /usr/bin/python3 (found suitable version "3.10.6", minimum required is "3.6") 
[6.797s] -- Found python_cmake_module: 0.10.0 (/opt/ros/humble/share/python_cmake_module/cmake)
[7.608s] -- Found PythonLibs: /usr/lib/x86_64-linux-gnu/libpython3.10.so (found suitable version "3.10.6", minimum required is "3.5") 
[7.608s] -- Using PYTHON_EXECUTABLE: /usr/bin/python3
[7.609s] -- Using PYTHON_INCLUDE_DIRS: /usr/include/python3.10
[7.609s] -- Using PYTHON_LIBRARIES: /usr/lib/x86_64-linux-gnu/libpython3.10.so
[7.652s] -- Found PythonExtra: .so  
[7.776s] -- Found ament_lint_auto: 0.12.4 (/opt/ros/humble/share/ament_lint_auto/cmake)
[7.814s] -- Configuring done
[7.993s] -- Generating done
[8.009s] -- Build files have been written to: /home/jiaxin/ws01_plumbing/build/base_interfaces_demo
[8.025s] Invoked command in '/home/jiaxin/ws01_plumbing/build/base_interfaces_demo' returned '0': CMAKE_PREFIX_PATH=/opt/ros/humble /usr/bin/cmake /home/jiaxin/ws01_plumbing/src/base_interfaces_demo -DCMAKE_INSTALL_PREFIX=/home/jiaxin/ws01_plumbing/install/base_interfaces_demo
[8.029s] Invoking command in '/home/jiaxin/ws01_plumbing/build/base_interfaces_demo': CMAKE_PREFIX_PATH=/opt/ros/humble /usr/bin/cmake --build /home/jiaxin/ws01_plumbing/build/base_interfaces_demo -- -j4 -l4
[8.109s] [  3%] [34m[1mGenerating C code for ROS interfaces[0m
[8.129s] [  6%] [34m[1mGenerating C++ code for ROS interfaces[0m
[8.195s] [  6%] Built target ament_cmake_python_copy_base_interfaces_demo
[9.415s] [  6%] Built target base_interfaces_demo__cpp
[9.461s] running egg_info
[9.472s] creating base_interfaces_demo.egg-info
[9.473s] writing base_interfaces_demo.egg-info/PKG-INFO
[9.473s] writing dependency_links to base_interfaces_demo.egg-info/dependency_links.txt
[9.473s] writing top-level names to base_interfaces_demo.egg-info/top_level.txt
[9.473s] writing manifest file 'base_interfaces_demo.egg-info/SOURCES.txt'
[9.493s] [  9%] [34m[1mGenerating C++ type support for eProsima Fast-RTPS[0m
[9.493s] reading manifest file 'base_interfaces_demo.egg-info/SOURCES.txt'
[9.504s] [ 12%] [34m[1mGenerating C++ introspection for ROS interfaces[0m
[9.504s] writing manifest file 'base_interfaces_demo.egg-info/SOURCES.txt'
[9.541s] [ 16%] [32mBuilding C object CMakeFiles/base_interfaces_demo__rosidl_generator_c.dir/rosidl_generator_c/base_interfaces_demo/msg/detail/student__functions.c.o[0m
[9.708s] [ 16%] Built target ament_cmake_python_build_base_interfaces_demo_egg
[9.774s] [ 19%] [34m[1mGenerating C++ type support dispatch for ROS interfaces[0m
[9.932s] [ 22%] [32m[1mLinking C shared library libbase_interfaces_demo__rosidl_generator_c.so[0m
[10.477s] [ 22%] Built target base_interfaces_demo__rosidl_generator_c
[10.525s] [ 25%] [34m[1mGenerating C type support for eProsima Fast-RTPS[0m
[11.257s] [ 29%] [32mBuilding CXX object CMakeFiles/base_interfaces_demo__rosidl_typesupport_fastrtps_cpp.dir/rosidl_typesupport_fastrtps_cpp/base_interfaces_demo/msg/detail/dds_fastrtps/student__type_support.cpp.o[0m
[11.325s] [ 32%] [32mBuilding CXX object CMakeFiles/base_interfaces_demo__rosidl_typesupport_introspection_cpp.dir/rosidl_typesupport_introspection_cpp/base_interfaces_demo/msg/detail/student__type_support.cpp.o[0m
[11.645s] [ 35%] [32mBuilding CXX object CMakeFiles/base_interfaces_demo__rosidl_typesupport_cpp.dir/rosidl_typesupport_cpp/base_interfaces_demo/msg/student__type_support.cpp.o[0m
[12.981s] [ 38%] [32mBuilding CXX object CMakeFiles/base_interfaces_demo__rosidl_typesupport_fastrtps_c.dir/rosidl_typesupport_fastrtps_c/base_interfaces_demo/msg/detail/student__type_support_c.cpp.o[0m
[14.460s] [ 41%] [32m[1mLinking CXX shared library libbase_interfaces_demo__rosidl_typesupport_cpp.so[0m
[15.148s] [ 45%] [32m[1mLinking CXX shared library libbase_interfaces_demo__rosidl_typesupport_introspection_cpp.so[0m
[15.450s] [ 48%] [32m[1mLinking CXX shared library libbase_interfaces_demo__rosidl_typesupport_fastrtps_c.so[0m
[15.468s] [ 48%] Built target base_interfaces_demo__rosidl_typesupport_cpp
[15.494s] [ 51%] [32m[1mLinking CXX shared library libbase_interfaces_demo__rosidl_typesupport_fastrtps_cpp.so[0m
[15.515s] [ 54%] [34m[1mGenerating C introspection for ROS interfaces[0m
[16.183s] [ 54%] Built target base_interfaces_demo__rosidl_typesupport_introspection_cpp
[16.213s] [ 58%] [34m[1mGenerating C type support dispatch for ROS interfaces[0m
[16.243s] [ 58%] Built target base_interfaces_demo__rosidl_typesupport_fastrtps_cpp
[16.557s] [ 58%] Built target base_interfaces_demo__rosidl_typesupport_fastrtps_c
[16.722s] [ 61%] [32mBuilding C object CMakeFiles/base_interfaces_demo__rosidl_typesupport_introspection_c.dir/rosidl_typesupport_introspection_c/base_interfaces_demo/msg/detail/student__type_support.c.o[0m
[16.856s] [ 64%] [32m[1mLinking C shared library libbase_interfaces_demo__rosidl_typesupport_introspection_c.so[0m
[17.125s] [ 67%] [32mBuilding CXX object CMakeFiles/base_interfaces_demo__rosidl_typesupport_c.dir/rosidl_typesupport_c/base_interfaces_demo/msg/student__type_support.cpp.o[0m
[17.280s] [ 70%] [32m[1mLinking CXX shared library libbase_interfaces_demo__rosidl_typesupport_c.so[0m
[17.562s] [ 70%] Built target base_interfaces_demo__rosidl_typesupport_introspection_c
[17.740s] [ 70%] Built target base_interfaces_demo__rosidl_typesupport_c
[17.797s] [ 70%] Built target base_interfaces_demo
[17.864s] [ 74%] [34m[1mGenerating Python code for ROS interfaces[0m
[19.254s] [ 74%] Built target base_interfaces_demo__py
[19.319s] [ 77%] [32mBuilding C object CMakeFiles/base_interfaces_demo__rosidl_generator_py.dir/rosidl_generator_py/base_interfaces_demo/msg/_student_s.c.o[0m
[19.754s] [ 80%] [32m[1mLinking C shared library rosidl_generator_py/base_interfaces_demo/libbase_interfaces_demo__rosidl_generator_py.so[0m
[20.203s] [ 80%] Built target base_interfaces_demo__rosidl_generator_py
[20.264s] [ 83%] [32mBuilding C object CMakeFiles/base_interfaces_demo__rosidl_typesupport_fastrtps_c__pyext.dir/rosidl_generator_py/base_interfaces_demo/_base_interfaces_demo_s.ep.rosidl_typesupport_fastrtps_c.c.o[0m
[20.292s] [ 87%] [32mBuilding C object CMakeFiles/base_interfaces_demo__rosidl_typesupport_introspection_c__pyext.dir/rosidl_generator_py/base_interfaces_demo/_base_interfaces_demo_s.ep.rosidl_typesupport_introspection_c.c.o[0m
[20.300s] [ 90%] [32mBuilding C object CMakeFiles/base_interfaces_demo__rosidl_typesupport_c__pyext.dir/rosidl_generator_py/base_interfaces_demo/_base_interfaces_demo_s.ep.rosidl_typesupport_c.c.o[0m
[20.689s] [ 93%] [32m[1mLinking C shared library rosidl_generator_py/base_interfaces_demo/base_interfaces_demo_s__rosidl_typesupport_fastrtps_c.cpython-310-x86_64-linux-gnu.so[0m
[20.761s] [ 96%] [32m[1mLinking C shared library rosidl_generator_py/base_interfaces_demo/base_interfaces_demo_s__rosidl_typesupport_c.cpython-310-x86_64-linux-gnu.so[0m
[20.762s] [100%] [32m[1mLinking C shared library rosidl_generator_py/base_interfaces_demo/base_interfaces_demo_s__rosidl_typesupport_introspection_c.cpython-310-x86_64-linux-gnu.so[0m
[21.048s] [100%] Built target base_interfaces_demo__rosidl_typesupport_fastrtps_c__pyext
[21.052s] [100%] Built target base_interfaces_demo__rosidl_typesupport_c__pyext
[21.091s] [100%] Built target base_interfaces_demo__rosidl_typesupport_introspection_c__pyext
[21.119s] Invoked command in '/home/jiaxin/ws01_plumbing/build/base_interfaces_demo' returned '0': CMAKE_PREFIX_PATH=/opt/ros/humble /usr/bin/cmake --build /home/jiaxin/ws01_plumbing/build/base_interfaces_demo -- -j4 -l4
[21.264s] Invoking command in '/home/jiaxin/ws01_plumbing/build/base_interfaces_demo': CMAKE_PREFIX_PATH=/opt/ros/humble /usr/bin/cmake --install /home/jiaxin/ws01_plumbing/build/base_interfaces_demo
[21.280s] -- Install configuration: ""
[21.282s] -- Installing: /home/jiaxin/ws01_plumbing/install/base_interfaces_demo/share/ament_index/resource_index/rosidl_interfaces/base_interfaces_demo
[21.282s] -- Installing: /home/jiaxin/ws01_plumbing/install/base_interfaces_demo/include/base_interfaces_demo/base_interfaces_demo
[21.285s] -- Installing: /home/jiaxin/ws01_plumbing/install/base_interfaces_demo/include/base_interfaces_demo/base_interfaces_demo/msg
[21.286s] -- Installing: /home/jiaxin/ws01_plumbing/install/base_interfaces_demo/include/base_interfaces_demo/base_interfaces_demo/msg/student.h
[21.286s] -- Installing: /home/jiaxin/ws01_plumbing/install/base_interfaces_demo/include/base_interfaces_demo/base_interfaces_demo/msg/rosidl_generator_c__visibility_control.h
[21.287s] -- Installing: /home/jiaxin/ws01_plumbing/install/base_interfaces_demo/include/base_interfaces_demo/base_interfaces_demo/msg/detail
[21.287s] -- Installing: /home/jiaxin/ws01_plumbing/install/base_interfaces_demo/include/base_interfaces_demo/base_interfaces_demo/msg/detail/student__functions.c
[21.287s] -- Installing: /home/jiaxin/ws01_plumbing/install/base_interfaces_demo/include/base_interfaces_demo/base_interfaces_demo/msg/detail/student__struct.h
[21.287s] -- Installing: /home/jiaxin/ws01_plumbing/install/base_interfaces_demo/include/base_interfaces_demo/base_interfaces_demo/msg/detail/student__type_support.h
[21.288s] -- Installing: /home/jiaxin/ws01_plumbing/install/base_interfaces_demo/include/base_interfaces_demo/base_interfaces_demo/msg/detail/student__functions.h
[21.289s] -- Installing: /home/jiaxin/ws01_plumbing/install/base_interfaces_demo/share/base_interfaces_demo/environment/library_path.sh
[21.289s] -- Installing: /home/jiaxin/ws01_plumbing/install/base_interfaces_demo/share/base_interfaces_demo/environment/library_path.dsv
[21.289s] -- Installing: /home/jiaxin/ws01_plumbing/install/base_interfaces_demo/lib/libbase_interfaces_demo__rosidl_generator_c.so
[21.290s] -- Set runtime path of "/home/jiaxin/ws01_plumbing/install/base_interfaces_demo/lib/libbase_interfaces_demo__rosidl_generator_c.so" to ""
[21.290s] -- Up-to-date: /home/jiaxin/ws01_plumbing/install/base_interfaces_demo/include/base_interfaces_demo/base_interfaces_demo
[21.291s] -- Up-to-date: /home/jiaxin/ws01_plumbing/install/base_interfaces_demo/include/base_interfaces_demo/base_interfaces_demo/msg
[21.291s] -- Installing: /home/jiaxin/ws01_plumbing/install/base_interfaces_demo/include/base_interfaces_demo/base_interfaces_demo/msg/rosidl_typesupport_fastrtps_c__visibility_control.h
[21.295s] -- Up-to-date: /home/jiaxin/ws01_plumbing/install/base_interfaces_demo/include/base_interfaces_demo/base_interfaces_demo/msg/detail
[21.296s] -- Installing: /home/jiaxin/ws01_plumbing/install/base_interfaces_demo/include/base_interfaces_demo/base_interfaces_demo/msg/detail/student__rosidl_typesupport_fastrtps_c.h
[21.297s] -- Installing: /home/jiaxin/ws01_plumbing/install/base_interfaces_demo/lib/libbase_interfaces_demo__rosidl_typesupport_fastrtps_c.so
[21.297s] -- Set runtime path of "/home/jiaxin/ws01_plumbing/install/base_interfaces_demo/lib/libbase_interfaces_demo__rosidl_typesupport_fastrtps_c.so" to ""
[21.297s] -- Up-to-date: /home/jiaxin/ws01_plumbing/install/base_interfaces_demo/include/base_interfaces_demo/base_interfaces_demo
[21.298s] -- Up-to-date: /home/jiaxin/ws01_plumbing/install/base_interfaces_demo/include/base_interfaces_demo/base_interfaces_demo/msg
[21.298s] -- Installing: /home/jiaxin/ws01_plumbing/install/base_interfaces_demo/include/base_interfaces_demo/base_interfaces_demo/msg/rosidl_typesupport_introspection_c__visibility_control.h
[21.298s] -- Up-to-date: /home/jiaxin/ws01_plumbing/install/base_interfaces_demo/include/base_interfaces_demo/base_interfaces_demo/msg/detail
[21.298s] -- Installing: /home/jiaxin/ws01_plumbing/install/base_interfaces_demo/include/base_interfaces_demo/base_interfaces_demo/msg/detail/student__type_support.c
[21.298s] -- Installing: /home/jiaxin/ws01_plumbing/install/base_interfaces_demo/include/base_interfaces_demo/base_interfaces_demo/msg/detail/student__rosidl_typesupport_introspection_c.h
[21.299s] -- Installing: /home/jiaxin/ws01_plumbing/install/base_interfaces_demo/lib/libbase_interfaces_demo__rosidl_typesupport_introspection_c.so
[21.299s] -- Set runtime path of "/home/jiaxin/ws01_plumbing/install/base_interfaces_demo/lib/libbase_interfaces_demo__rosidl_typesupport_introspection_c.so" to ""
[21.300s] -- Installing: /home/jiaxin/ws01_plumbing/install/base_interfaces_demo/lib/libbase_interfaces_demo__rosidl_typesupport_c.so
[21.300s] -- Set runtime path of "/home/jiaxin/ws01_plumbing/install/base_interfaces_demo/lib/libbase_interfaces_demo__rosidl_typesupport_c.so" to ""
[21.300s] -- Up-to-date: /home/jiaxin/ws01_plumbing/install/base_interfaces_demo/include/base_interfaces_demo/base_interfaces_demo
[21.300s] -- Up-to-date: /home/jiaxin/ws01_plumbing/install/base_interfaces_demo/include/base_interfaces_demo/base_interfaces_demo/msg
[21.300s] -- Installing: /home/jiaxin/ws01_plumbing/install/base_interfaces_demo/include/base_interfaces_demo/base_interfaces_demo/msg/student.hpp
[21.301s] -- Up-to-date: /home/jiaxin/ws01_plumbing/install/base_interfaces_demo/include/base_interfaces_demo/base_interfaces_demo/msg/detail
[21.301s] -- Installing: /home/jiaxin/ws01_plumbing/install/base_interfaces_demo/include/base_interfaces_demo/base_interfaces_demo/msg/detail/student__builder.hpp
[21.302s] -- Installing: /home/jiaxin/ws01_plumbing/install/base_interfaces_demo/include/base_interfaces_demo/base_interfaces_demo/msg/detail/student__struct.hpp
[21.302s] -- Installing: /home/jiaxin/ws01_plumbing/install/base_interfaces_demo/include/base_interfaces_demo/base_interfaces_demo/msg/detail/student__traits.hpp
[21.302s] -- Up-to-date: /home/jiaxin/ws01_plumbing/install/base_interfaces_demo/include/base_interfaces_demo/base_interfaces_demo
[21.302s] -- Up-to-date: /home/jiaxin/ws01_plumbing/install/base_interfaces_demo/include/base_interfaces_demo/base_interfaces_demo/msg
[21.302s] -- Installing: /home/jiaxin/ws01_plumbing/install/base_interfaces_demo/include/base_interfaces_demo/base_interfaces_demo/msg/rosidl_typesupport_fastrtps_cpp__visibility_control.h
[21.303s] -- Up-to-date: /home/jiaxin/ws01_plumbing/install/base_interfaces_demo/include/base_interfaces_demo/base_interfaces_demo/msg/detail
[21.303s] -- Installing: /home/jiaxin/ws01_plumbing/install/base_interfaces_demo/include/base_interfaces_demo/base_interfaces_demo/msg/detail/student__rosidl_typesupport_fastrtps_cpp.hpp
[21.303s] -- Installing: /home/jiaxin/ws01_plumbing/install/base_interfaces_demo/include/base_interfaces_demo/base_interfaces_demo/msg/detail/dds_fastrtps
[21.304s] -- Installing: /home/jiaxin/ws01_plumbing/install/base_interfaces_demo/lib/libbase_interfaces_demo__rosidl_typesupport_fastrtps_cpp.so
[21.304s] -- Set runtime path of "/home/jiaxin/ws01_plumbing/install/base_interfaces_demo/lib/libbase_interfaces_demo__rosidl_typesupport_fastrtps_cpp.so" to ""
[21.304s] -- Up-to-date: /home/jiaxin/ws01_plumbing/install/base_interfaces_demo/include/base_interfaces_demo/base_interfaces_demo
[21.304s] -- Up-to-date: /home/jiaxin/ws01_plumbing/install/base_interfaces_demo/include/base_interfaces_demo/base_interfaces_demo/msg
[21.305s] -- Up-to-date: /home/jiaxin/ws01_plumbing/install/base_interfaces_demo/include/base_interfaces_demo/base_interfaces_demo/msg/detail
[21.305s] -- Installing: /home/jiaxin/ws01_plumbing/install/base_interfaces_demo/include/base_interfaces_demo/base_interfaces_demo/msg/detail/student__type_support.cpp
[21.305s] -- Installing: /home/jiaxin/ws01_plumbing/install/base_interfaces_demo/include/base_interfaces_demo/base_interfaces_demo/msg/detail/student__rosidl_typesupport_introspection_cpp.hpp
[21.306s] -- Installing: /home/jiaxin/ws01_plumbing/install/base_interfaces_demo/lib/libbase_interfaces_demo__rosidl_typesupport_introspection_cpp.so
[21.307s] -- Set runtime path of "/home/jiaxin/ws01_plumbing/install/base_interfaces_demo/lib/libbase_interfaces_demo__rosidl_typesupport_introspection_cpp.so" to ""
[21.307s] -- Installing: /home/jiaxin/ws01_plumbing/install/base_interfaces_demo/lib/libbase_interfaces_demo__rosidl_typesupport_cpp.so
[21.307s] -- Set runtime path of "/home/jiaxin/ws01_plumbing/install/base_interfaces_demo/lib/libbase_interfaces_demo__rosidl_typesupport_cpp.so" to ""
[21.307s] -- Installing: /home/jiaxin/ws01_plumbing/install/base_interfaces_demo/share/base_interfaces_demo/environment/pythonpath.sh
[21.311s] -- Installing: /home/jiaxin/ws01_plumbing/install/base_interfaces_demo/share/base_interfaces_demo/environment/pythonpath.dsv
[21.312s] -- Installing: /home/jiaxin/ws01_plumbing/install/base_interfaces_demo/local/lib/python3.10/dist-packages/base_interfaces_demo-0.0.0-py3.10.egg-info
[21.312s] -- Installing: /home/jiaxin/ws01_plumbing/install/base_interfaces_demo/local/lib/python3.10/dist-packages/base_interfaces_demo-0.0.0-py3.10.egg-info/top_level.txt
[21.313s] -- Installing: /home/jiaxin/ws01_plumbing/install/base_interfaces_demo/local/lib/python3.10/dist-packages/base_interfaces_demo-0.0.0-py3.10.egg-info/dependency_links.txt
[21.313s] -- Installing: /home/jiaxin/ws01_plumbing/install/base_interfaces_demo/local/lib/python3.10/dist-packages/base_interfaces_demo-0.0.0-py3.10.egg-info/SOURCES.txt
[21.314s] -- Installing: /home/jiaxin/ws01_plumbing/install/base_interfaces_demo/local/lib/python3.10/dist-packages/base_interfaces_demo-0.0.0-py3.10.egg-info/PKG-INFO
[21.315s] -- Installing: /home/jiaxin/ws01_plumbing/install/base_interfaces_demo/local/lib/python3.10/dist-packages/base_interfaces_demo
[21.315s] -- Installing: /home/jiaxin/ws01_plumbing/install/base_interfaces_demo/local/lib/python3.10/dist-packages/base_interfaces_demo/_base_interfaces_demo_s.ep.rosidl_typesupport_introspection_c.c
[21.315s] -- Installing: /home/jiaxin/ws01_plumbing/install/base_interfaces_demo/local/lib/python3.10/dist-packages/base_interfaces_demo/_base_interfaces_demo_s.ep.rosidl_typesupport_c.c
[21.316s] -- Installing: /home/jiaxin/ws01_plumbing/install/base_interfaces_demo/local/lib/python3.10/dist-packages/base_interfaces_demo/libbase_interfaces_demo__rosidl_generator_py.so
[21.317s] -- Installing: /home/jiaxin/ws01_plumbing/install/base_interfaces_demo/local/lib/python3.10/dist-packages/base_interfaces_demo/base_interfaces_demo_s__rosidl_typesupport_fastrtps_c.cpython-310-x86_64-linux-gnu.so
[21.318s] -- Installing: /home/jiaxin/ws01_plumbing/install/base_interfaces_demo/local/lib/python3.10/dist-packages/base_interfaces_demo/msg
[21.319s] -- Installing: /home/jiaxin/ws01_plumbing/install/base_interfaces_demo/local/lib/python3.10/dist-packages/base_interfaces_demo/msg/_student_s.c
[21.319s] -- Installing: /home/jiaxin/ws01_plumbing/install/base_interfaces_demo/local/lib/python3.10/dist-packages/base_interfaces_demo/msg/_student.py
[21.320s] -- Installing: /home/jiaxin/ws01_plumbing/install/base_interfaces_demo/local/lib/python3.10/dist-packages/base_interfaces_demo/msg/__init__.py
[21.320s] -- Installing: /home/jiaxin/ws01_plumbing/install/base_interfaces_demo/local/lib/python3.10/dist-packages/base_interfaces_demo/base_interfaces_demo_s__rosidl_typesupport_c.cpython-310-x86_64-linux-gnu.so
[21.323s] -- Installing: /home/jiaxin/ws01_plumbing/install/base_interfaces_demo/local/lib/python3.10/dist-packages/base_interfaces_demo/_base_interfaces_demo_s.ep.rosidl_typesupport_fastrtps_c.c
[21.323s] -- Installing: /home/jiaxin/ws01_plumbing/install/base_interfaces_demo/local/lib/python3.10/dist-packages/base_interfaces_demo/base_interfaces_demo_s__rosidl_typesupport_introspection_c.cpython-310-x86_64-linux-gnu.so
[21.323s] -- Installing: /home/jiaxin/ws01_plumbing/install/base_interfaces_demo/local/lib/python3.10/dist-packages/base_interfaces_demo/__init__.py
[21.401s] Listing '/home/jiaxin/ws01_plumbing/install/base_interfaces_demo/local/lib/python3.10/dist-packages/base_interfaces_demo'...
[21.401s] Compiling '/home/jiaxin/ws01_plumbing/install/base_interfaces_demo/local/lib/python3.10/dist-packages/base_interfaces_demo/__init__.py'...
[21.402s] Listing '/home/jiaxin/ws01_plumbing/install/base_interfaces_demo/local/lib/python3.10/dist-packages/base_interfaces_demo/msg'...
[21.402s] Compiling '/home/jiaxin/ws01_plumbing/install/base_interfaces_demo/local/lib/python3.10/dist-packages/base_interfaces_demo/msg/__init__.py'...
[21.402s] Compiling '/home/jiaxin/ws01_plumbing/install/base_interfaces_demo/local/lib/python3.10/dist-packages/base_interfaces_demo/msg/_student.py'...
[21.416s] -- Installing: /home/jiaxin/ws01_plumbing/install/base_interfaces_demo/local/lib/python3.10/dist-packages/base_interfaces_demo/base_interfaces_demo_s__rosidl_typesupport_fastrtps_c.cpython-310-x86_64-linux-gnu.so
[21.416s] -- Set runtime path of "/home/jiaxin/ws01_plumbing/install/base_interfaces_demo/local/lib/python3.10/dist-packages/base_interfaces_demo/base_interfaces_demo_s__rosidl_typesupport_fastrtps_c.cpython-310-x86_64-linux-gnu.so" to ""
[21.417s] -- Installing: /home/jiaxin/ws01_plumbing/install/base_interfaces_demo/local/lib/python3.10/dist-packages/base_interfaces_demo/base_interfaces_demo_s__rosidl_typesupport_introspection_c.cpython-310-x86_64-linux-gnu.so
[21.417s] -- Set runtime path of "/home/jiaxin/ws01_plumbing/install/base_interfaces_demo/local/lib/python3.10/dist-packages/base_interfaces_demo/base_interfaces_demo_s__rosidl_typesupport_introspection_c.cpython-310-x86_64-linux-gnu.so" to ""
[21.418s] -- Installing: /home/jiaxin/ws01_plumbing/install/base_interfaces_demo/local/lib/python3.10/dist-packages/base_interfaces_demo/base_interfaces_demo_s__rosidl_typesupport_c.cpython-310-x86_64-linux-gnu.so
[21.419s] -- Set runtime path of "/home/jiaxin/ws01_plumbing/install/base_interfaces_demo/local/lib/python3.10/dist-packages/base_interfaces_demo/base_interfaces_demo_s__rosidl_typesupport_c.cpython-310-x86_64-linux-gnu.so" to ""
[21.419s] -- Installing: /home/jiaxin/ws01_plumbing/install/base_interfaces_demo/lib/libbase_interfaces_demo__rosidl_generator_py.so
[21.420s] -- Set runtime path of "/home/jiaxin/ws01_plumbing/install/base_interfaces_demo/lib/libbase_interfaces_demo__rosidl_generator_py.so" to ""
[21.421s] -- Installing: /home/jiaxin/ws01_plumbing/install/base_interfaces_demo/share/base_interfaces_demo/msg/Student.idl
[21.422s] -- Installing: /home/jiaxin/ws01_plumbing/install/base_interfaces_demo/share/base_interfaces_demo/msg/Student.msg
[21.423s] -- Installing: /home/jiaxin/ws01_plumbing/install/base_interfaces_demo/share/ament_index/resource_index/package_run_dependencies/base_interfaces_demo
[21.426s] -- Installing: /home/jiaxin/ws01_plumbing/install/base_interfaces_demo/share/ament_index/resource_index/parent_prefix_path/base_interfaces_demo
[21.430s] -- Installing: /home/jiaxin/ws01_plumbing/install/base_interfaces_demo/share/base_interfaces_demo/environment/ament_prefix_path.sh
[21.432s] -- Installing: /home/jiaxin/ws01_plumbing/install/base_interfaces_demo/share/base_interfaces_demo/environment/ament_prefix_path.dsv
[21.433s] -- Installing: /home/jiaxin/ws01_plumbing/install/base_interfaces_demo/share/base_interfaces_demo/environment/path.sh
[21.434s] -- Installing: /home/jiaxin/ws01_plumbing/install/base_interfaces_demo/share/base_interfaces_demo/environment/path.dsv
[21.435s] -- Installing: /home/jiaxin/ws01_plumbing/install/base_interfaces_demo/share/base_interfaces_demo/local_setup.bash
[21.437s] -- Installing: /home/jiaxin/ws01_plumbing/install/base_interfaces_demo/share/base_interfaces_demo/local_setup.sh
[21.438s] -- Installing: /home/jiaxin/ws01_plumbing/install/base_interfaces_demo/share/base_interfaces_demo/local_setup.zsh
[21.438s] -- Installing: /home/jiaxin/ws01_plumbing/install/base_interfaces_demo/share/base_interfaces_demo/local_setup.dsv
[21.439s] -- Installing: /home/jiaxin/ws01_plumbing/install/base_interfaces_demo/share/base_interfaces_demo/package.dsv
[21.439s] -- Installing: /home/jiaxin/ws01_plumbing/install/base_interfaces_demo/share/ament_index/resource_index/packages/base_interfaces_demo
[21.440s] -- Installing: /home/jiaxin/ws01_plumbing/install/base_interfaces_demo/share/base_interfaces_demo/cmake/export_base_interfaces_demo__rosidl_generator_cExport.cmake
[21.440s] -- Installing: /home/jiaxin/ws01_plumbing/install/base_interfaces_demo/share/base_interfaces_demo/cmake/export_base_interfaces_demo__rosidl_generator_cExport-noconfig.cmake
[21.441s] -- Installing: /home/jiaxin/ws01_plumbing/install/base_interfaces_demo/share/base_interfaces_demo/cmake/export_base_interfaces_demo__rosidl_typesupport_fastrtps_cExport.cmake
[21.445s] -- Installing: /home/jiaxin/ws01_plumbing/install/base_interfaces_demo/share/base_interfaces_demo/cmake/export_base_interfaces_demo__rosidl_typesupport_fastrtps_cExport-noconfig.cmake
[21.447s] -- Installing: /home/jiaxin/ws01_plumbing/install/base_interfaces_demo/share/base_interfaces_demo/cmake/base_interfaces_demo__rosidl_typesupport_introspection_cExport.cmake
[21.447s] -- Installing: /home/jiaxin/ws01_plumbing/install/base_interfaces_demo/share/base_interfaces_demo/cmake/base_interfaces_demo__rosidl_typesupport_introspection_cExport-noconfig.cmake
[21.449s] -- Installing: /home/jiaxin/ws01_plumbing/install/base_interfaces_demo/share/base_interfaces_demo/cmake/base_interfaces_demo__rosidl_typesupport_cExport.cmake
[21.450s] -- Installing: /home/jiaxin/ws01_plumbing/install/base_interfaces_demo/share/base_interfaces_demo/cmake/base_interfaces_demo__rosidl_typesupport_cExport-noconfig.cmake
[21.450s] -- Installing: /home/jiaxin/ws01_plumbing/install/base_interfaces_demo/share/base_interfaces_demo/cmake/export_base_interfaces_demo__rosidl_generator_cppExport.cmake
[21.451s] -- Installing: /home/jiaxin/ws01_plumbing/install/base_interfaces_demo/share/base_interfaces_demo/cmake/export_base_interfaces_demo__rosidl_typesupport_fastrtps_cppExport.cmake
[21.451s] -- Installing: /home/jiaxin/ws01_plumbing/install/base_interfaces_demo/share/base_interfaces_demo/cmake/export_base_interfaces_demo__rosidl_typesupport_fastrtps_cppExport-noconfig.cmake
[21.451s] -- Installing: /home/jiaxin/ws01_plumbing/install/base_interfaces_demo/share/base_interfaces_demo/cmake/base_interfaces_demo__rosidl_typesupport_introspection_cppExport.cmake
[21.453s] -- Installing: /home/jiaxin/ws01_plumbing/install/base_interfaces_demo/share/base_interfaces_demo/cmake/base_interfaces_demo__rosidl_typesupport_introspection_cppExport-noconfig.cmake
[21.454s] -- Installing: /home/jiaxin/ws01_plumbing/install/base_interfaces_demo/share/base_interfaces_demo/cmake/base_interfaces_demo__rosidl_typesupport_cppExport.cmake
[21.455s] -- Installing: /home/jiaxin/ws01_plumbing/install/base_interfaces_demo/share/base_interfaces_demo/cmake/base_interfaces_demo__rosidl_typesupport_cppExport-noconfig.cmake
[21.455s] -- Installing: /home/jiaxin/ws01_plumbing/install/base_interfaces_demo/share/base_interfaces_demo/cmake/export_base_interfaces_demo__rosidl_generator_pyExport.cmake
[21.456s] -- Installing: /home/jiaxin/ws01_plumbing/install/base_interfaces_demo/share/base_interfaces_demo/cmake/export_base_interfaces_demo__rosidl_generator_pyExport-noconfig.cmake
[21.456s] -- Installing: /home/jiaxin/ws01_plumbing/install/base_interfaces_demo/share/base_interfaces_demo/cmake/rosidl_cmake-extras.cmake
[21.457s] -- Installing: /home/jiaxin/ws01_plumbing/install/base_interfaces_demo/share/base_interfaces_demo/cmake/ament_cmake_export_include_directories-extras.cmake
[21.460s] -- Installing: /home/jiaxin/ws01_plumbing/install/base_interfaces_demo/share/base_interfaces_demo/cmake/ament_cmake_export_libraries-extras.cmake
[21.461s] -- Installing: /home/jiaxin/ws01_plumbing/install/base_interfaces_demo/share/base_interfaces_demo/cmake/ament_cmake_export_targets-extras.cmake
[21.461s] -- Installing: /home/jiaxin/ws01_plumbing/install/base_interfaces_demo/share/base_interfaces_demo/cmake/rosidl_cmake_export_typesupport_targets-extras.cmake
[21.462s] -- Installing: /home/jiaxin/ws01_plumbing/install/base_interfaces_demo/share/base_interfaces_demo/cmake/ament_cmake_export_dependencies-extras.cmake
[21.463s] -- Installing: /home/jiaxin/ws01_plumbing/install/base_interfaces_demo/share/base_interfaces_demo/cmake/rosidl_cmake_export_typesupport_libraries-extras.cmake
[21.463s] -- Installing: /home/jiaxin/ws01_plumbing/install/base_interfaces_demo/share/base_interfaces_demo/cmake/base_interfaces_demoConfig.cmake
[21.463s] -- Installing: /home/jiaxin/ws01_plumbing/install/base_interfaces_demo/share/base_interfaces_demo/cmake/base_interfaces_demoConfig-version.cmake
[21.464s] -- Installing: /home/jiaxin/ws01_plumbing/install/base_interfaces_demo/share/base_interfaces_demo/package.xml
[21.469s] Invoked command in '/home/jiaxin/ws01_plumbing/build/base_interfaces_demo' returned '0': CMAKE_PREFIX_PATH=/opt/ros/humble /usr/bin/cmake --install /home/jiaxin/ws01_plumbing/build/base_interfaces_demo
