[0.032s] Invoking command in '/home/jiaxin/ws01_plumbing/build/cpp04_param': CMAKE_PREFIX_PATH=/opt/ros/humble /usr/bin/cmake --build /home/jiaxin/ws01_plumbing/build/cpp04_param -- -j4 -l4
[0.143s] [ 66%] Built target demo00_param
[0.143s] [ 66%] Built target demo02_param_client
[0.143s] [100%] Built target demo01_param_server
[0.156s] Invoked command in '/home/jiaxin/ws01_plumbing/build/cpp04_param' returned '0': CMAKE_PREFIX_PATH=/opt/ros/humble /usr/bin/cmake --build /home/jiaxin/ws01_plumbing/build/cpp04_param -- -j4 -l4
[0.203s] Invoking command in '/home/jiaxin/ws01_plumbing/build/cpp04_param': CMAKE_PREFIX_PATH=/opt/ros/humble /usr/bin/cmake --install /home/jiaxin/ws01_plumbing/build/cpp04_param
[0.211s] -- Install configuration: ""
[0.213s] -- Up-to-date: /home/jiaxin/ws01_plumbing/install/cpp04_param/lib/cpp04_param/demo00_param
[0.218s] -- Up-to-date: /home/jiaxin/ws01_plumbing/install/cpp04_param/lib/cpp04_param/demo01_param_server
[0.220s] -- Up-to-date: /home/jiaxin/ws01_plumbing/install/cpp04_param/lib/cpp04_param/demo02_param_client
[0.221s] -- Up-to-date: /home/jiaxin/ws01_plumbing/install/cpp04_param/share/ament_index/resource_index/package_run_dependencies/cpp04_param
[0.222s] -- Up-to-date: /home/jiaxin/ws01_plumbing/install/cpp04_param/share/ament_index/resource_index/parent_prefix_path/cpp04_param
[0.223s] -- Up-to-date: /home/jiaxin/ws01_plumbing/install/cpp04_param/share/cpp04_param/environment/ament_prefix_path.sh
[0.223s] -- Up-to-date: /home/jiaxin/ws01_plumbing/install/cpp04_param/share/cpp04_param/environment/ament_prefix_path.dsv
[0.223s] -- Up-to-date: /home/jiaxin/ws01_plumbing/install/cpp04_param/share/cpp04_param/environment/path.sh
[0.224s] -- Up-to-date: /home/jiaxin/ws01_plumbing/install/cpp04_param/share/cpp04_param/environment/path.dsv
[0.224s] -- Up-to-date: /home/jiaxin/ws01_plumbing/install/cpp04_param/share/cpp04_param/local_setup.bash
[0.225s] -- Up-to-date: /home/jiaxin/ws01_plumbing/install/cpp04_param/share/cpp04_param/local_setup.sh
[0.225s] -- Up-to-date: /home/jiaxin/ws01_plumbing/install/cpp04_param/share/cpp04_param/local_setup.zsh
[0.225s] -- Up-to-date: /home/jiaxin/ws01_plumbing/install/cpp04_param/share/cpp04_param/local_setup.dsv
[0.228s] -- Installing: /home/jiaxin/ws01_plumbing/install/cpp04_param/share/cpp04_param/package.dsv
[0.229s] -- Up-to-date: /home/jiaxin/ws01_plumbing/install/cpp04_param/share/ament_index/resource_index/packages/cpp04_param
[0.233s] -- Up-to-date: /home/jiaxin/ws01_plumbing/install/cpp04_param/share/cpp04_param/cmake/cpp04_paramConfig.cmake
[0.235s] -- Up-to-date: /home/jiaxin/ws01_plumbing/install/cpp04_param/share/cpp04_param/cmake/cpp04_paramConfig-version.cmake
[0.238s] -- Up-to-date: /home/jiaxin/ws01_plumbing/install/cpp04_param/share/cpp04_param/package.xml
[0.239s] Invoked command in '/home/jiaxin/ws01_plumbing/build/cpp04_param' returned '0': CMAKE_PREFIX_PATH=/opt/ros/humble /usr/bin/cmake --install /home/jiaxin/ws01_plumbing/build/cpp04_param
