[5.808s] DEBUG:colcon:Command line arguments: ['/usr/bin/colcon', 'build', '--packages-select', 'cpp01_topic']
[5.808s] DEBUG:colcon:Parsed command line arguments: Namespace(log_base=None, log_level=None, verb_name='build', build_base='build', install_base='install', merge_install=False, symlink_install=False, test_result_base=None, continue_on_error=False, executor='parallel', parallel_workers=4, event_handlers=None, ignore_user_meta=False, metas=['./colcon.meta'], base_paths=['.'], packages_ignore=None, packages_ignore_regex=None, paths=None, packages_up_to=None, packages_up_to_regex=None, packages_above=None, packages_above_and_dependencies=None, packages_above_depth=None, packages_select_by_dep=None, packages_skip_by_dep=None, packages_skip_up_to=None, packages_select_build_failed=False, packages_skip_build_finished=False, packages_select_test_failures=False, packages_skip_test_passed=False, packages_select=['cpp01_topic'], packages_skip=None, packages_select_regex=None, packages_skip_regex=None, packages_start=None, packages_end=None, allow_overriding=[], cmake_args=None, cmake_target=None, cmake_target_skip_unavailable=False, cmake_clean_cache=False, cmake_clean_first=False, cmake_force_configure=False, ament_cmake_args=None, catkin_cmake_args=None, catkin_skip_building_tests=False, verb_parser=<colcon_defaults.argument_parser.defaults.DefaultArgumentsDecorator object at 0x7f9cadb02fe0>, verb_extension=<colcon_core.verb.build.BuildVerb object at 0x7f9cae4af850>, main=<bound method BuildVerb.main of <colcon_core.verb.build.BuildVerb object at 0x7f9cae4af850>>)
[5.935s] Level 1:colcon.colcon_core.package_discovery:discover_packages(colcon_meta) check parameters
[5.935s] Level 1:colcon.colcon_core.package_discovery:discover_packages(recursive) check parameters
[5.935s] Level 1:colcon.colcon_core.package_discovery:discover_packages(ignore) check parameters
[5.936s] Level 1:colcon.colcon_core.package_discovery:discover_packages(path) check parameters
[5.936s] Level 1:colcon.colcon_core.package_discovery:discover_packages(colcon_meta) discover
[5.947s] Level 1:colcon.colcon_core.package_discovery:discover_packages(recursive) discover
[5.947s] INFO:colcon.colcon_core.package_discovery:Crawling recursively for packages in '/home/jiaxin/ws01_plumbing'
[5.947s] Level 1:colcon.colcon_core.package_identification:_identify(.) by extensions ['ignore', 'ignore_ament_install']
[5.947s] Level 1:colcon.colcon_core.package_identification:_identify(.) by extension 'ignore'
[5.947s] Level 1:colcon.colcon_core.package_identification:_identify(.) by extension 'ignore_ament_install'
[5.948s] Level 1:colcon.colcon_core.package_identification:_identify(.) by extensions ['colcon_pkg']
[5.948s] Level 1:colcon.colcon_core.package_identification:_identify(.) by extension 'colcon_pkg'
[5.948s] Level 1:colcon.colcon_core.package_identification:_identify(.) by extensions ['colcon_meta']
[5.948s] Level 1:colcon.colcon_core.package_identification:_identify(.) by extension 'colcon_meta'
[5.948s] Level 1:colcon.colcon_core.package_identification:_identify(.) by extensions ['ros']
[5.948s] Level 1:colcon.colcon_core.package_identification:_identify(.) by extension 'ros'
[6.047s] Level 1:colcon.colcon_core.package_identification:_identify(.) by extensions ['cmake', 'python']
[6.047s] Level 1:colcon.colcon_core.package_identification:_identify(.) by extension 'cmake'
[6.048s] Level 1:colcon.colcon_core.package_identification:_identify(.) by extension 'python'
[6.048s] Level 1:colcon.colcon_core.package_identification:_identify(.) by extensions ['python_setup_py']
[6.048s] Level 1:colcon.colcon_core.package_identification:_identify(.) by extension 'python_setup_py'
[6.058s] Level 1:colcon.colcon_core.package_identification:_identify(build) by extensions ['ignore', 'ignore_ament_install']
[6.059s] Level 1:colcon.colcon_core.package_identification:_identify(build) by extension 'ignore'
[6.059s] Level 1:colcon.colcon_core.package_identification:_identify(build) ignored
[6.059s] Level 1:colcon.colcon_core.package_identification:_identify(install) by extensions ['ignore', 'ignore_ament_install']
[6.059s] Level 1:colcon.colcon_core.package_identification:_identify(install) by extension 'ignore'
[6.060s] Level 1:colcon.colcon_core.package_identification:_identify(install) ignored
[6.060s] Level 1:colcon.colcon_core.package_identification:_identify(log) by extensions ['ignore', 'ignore_ament_install']
[6.060s] Level 1:colcon.colcon_core.package_identification:_identify(log) by extension 'ignore'
[6.060s] Level 1:colcon.colcon_core.package_identification:_identify(log) ignored
[6.061s] Level 1:colcon.colcon_core.package_identification:_identify(src) by extensions ['ignore', 'ignore_ament_install']
[6.061s] Level 1:colcon.colcon_core.package_identification:_identify(src) by extension 'ignore'
[6.061s] Level 1:colcon.colcon_core.package_identification:_identify(src) by extension 'ignore_ament_install'
[6.061s] Level 1:colcon.colcon_core.package_identification:_identify(src) by extensions ['colcon_pkg']
[6.061s] Level 1:colcon.colcon_core.package_identification:_identify(src) by extension 'colcon_pkg'
[6.061s] Level 1:colcon.colcon_core.package_identification:_identify(src) by extensions ['colcon_meta']
[6.062s] Level 1:colcon.colcon_core.package_identification:_identify(src) by extension 'colcon_meta'
[6.062s] Level 1:colcon.colcon_core.package_identification:_identify(src) by extensions ['ros']
[6.062s] Level 1:colcon.colcon_core.package_identification:_identify(src) by extension 'ros'
[6.062s] Level 1:colcon.colcon_core.package_identification:_identify(src) by extensions ['cmake', 'python']
[6.062s] Level 1:colcon.colcon_core.package_identification:_identify(src) by extension 'cmake'
[6.062s] Level 1:colcon.colcon_core.package_identification:_identify(src) by extension 'python'
[6.063s] Level 1:colcon.colcon_core.package_identification:_identify(src) by extensions ['python_setup_py']
[6.063s] Level 1:colcon.colcon_core.package_identification:_identify(src) by extension 'python_setup_py'
[6.063s] Level 1:colcon.colcon_core.package_identification:_identify(src/base_interfaces_demo) by extensions ['ignore', 'ignore_ament_install']
[6.063s] Level 1:colcon.colcon_core.package_identification:_identify(src/base_interfaces_demo) by extension 'ignore'
[6.063s] Level 1:colcon.colcon_core.package_identification:_identify(src/base_interfaces_demo) by extension 'ignore_ament_install'
[6.064s] Level 1:colcon.colcon_core.package_identification:_identify(src/base_interfaces_demo) by extensions ['colcon_pkg']
[6.064s] Level 1:colcon.colcon_core.package_identification:_identify(src/base_interfaces_demo) by extension 'colcon_pkg'
[6.064s] Level 1:colcon.colcon_core.package_identification:_identify(src/base_interfaces_demo) by extensions ['colcon_meta']
[6.074s] Level 1:colcon.colcon_core.package_identification:_identify(src/base_interfaces_demo) by extension 'colcon_meta'
[6.074s] Level 1:colcon.colcon_core.package_identification:_identify(src/base_interfaces_demo) by extensions ['ros']
[6.074s] Level 1:colcon.colcon_core.package_identification:_identify(src/base_interfaces_demo) by extension 'ros'
[6.080s] DEBUG:colcon.colcon_core.package_identification:Package 'src/base_interfaces_demo' with type 'ros.ament_cmake' and name 'base_interfaces_demo'
[6.090s] Level 1:colcon.colcon_core.package_identification:_identify(src/cpp01_topic) by extensions ['ignore', 'ignore_ament_install']
[6.090s] Level 1:colcon.colcon_core.package_identification:_identify(src/cpp01_topic) by extension 'ignore'
[6.091s] Level 1:colcon.colcon_core.package_identification:_identify(src/cpp01_topic) by extension 'ignore_ament_install'
[6.091s] Level 1:colcon.colcon_core.package_identification:_identify(src/cpp01_topic) by extensions ['colcon_pkg']
[6.091s] Level 1:colcon.colcon_core.package_identification:_identify(src/cpp01_topic) by extension 'colcon_pkg'
[6.091s] Level 1:colcon.colcon_core.package_identification:_identify(src/cpp01_topic) by extensions ['colcon_meta']
[6.091s] Level 1:colcon.colcon_core.package_identification:_identify(src/cpp01_topic) by extension 'colcon_meta'
[6.091s] Level 1:colcon.colcon_core.package_identification:_identify(src/cpp01_topic) by extensions ['ros']
[6.092s] Level 1:colcon.colcon_core.package_identification:_identify(src/cpp01_topic) by extension 'ros'
[6.093s] DEBUG:colcon.colcon_core.package_identification:Package 'src/cpp01_topic' with type 'ros.ament_cmake' and name 'cpp01_topic'
[6.093s] Level 1:colcon.colcon_core.package_discovery:discover_packages(recursive) using defaults
[6.093s] Level 1:colcon.colcon_core.package_discovery:discover_packages(ignore) discover
[6.093s] Level 1:colcon.colcon_core.package_discovery:discover_packages(ignore) using defaults
[6.094s] Level 1:colcon.colcon_core.package_discovery:discover_packages(path) discover
[6.094s] Level 1:colcon.colcon_core.package_discovery:discover_packages(path) using defaults
[6.220s] INFO:colcon.colcon_core.package_selection:Skipping not selected package 'base_interfaces_demo' in 'src/base_interfaces_demo'
[6.221s] Level 1:colcon.colcon_core.package_discovery:discover_packages(prefix_path) check parameters
[6.222s] Level 1:colcon.colcon_core.package_discovery:discover_packages(prefix_path) discover
[6.238s] DEBUG:colcon.colcon_installed_package_information.package_discovery:Found 2 installed packages in /home/jiaxin/ws01_plumbing/install
[6.251s] DEBUG:colcon.colcon_installed_package_information.package_discovery:Found 270 installed packages in /opt/ros/humble
[6.255s] Level 1:colcon.colcon_core.package_discovery:discover_packages(prefix_path) using defaults
[6.622s] Level 5:colcon.colcon_core.verb:set package 'cpp01_topic' build argument 'cmake_args' from command line to 'None'
[6.622s] Level 5:colcon.colcon_core.verb:set package 'cpp01_topic' build argument 'cmake_target' from command line to 'None'
[6.633s] Level 5:colcon.colcon_core.verb:set package 'cpp01_topic' build argument 'cmake_target_skip_unavailable' from command line to 'False'
[6.633s] Level 5:colcon.colcon_core.verb:set package 'cpp01_topic' build argument 'cmake_clean_cache' from command line to 'False'
[6.634s] Level 5:colcon.colcon_core.verb:set package 'cpp01_topic' build argument 'cmake_clean_first' from command line to 'False'
[6.634s] Level 5:colcon.colcon_core.verb:set package 'cpp01_topic' build argument 'cmake_force_configure' from command line to 'False'
[6.634s] Level 5:colcon.colcon_core.verb:set package 'cpp01_topic' build argument 'ament_cmake_args' from command line to 'None'
[6.634s] Level 5:colcon.colcon_core.verb:set package 'cpp01_topic' build argument 'catkin_cmake_args' from command line to 'None'
[6.634s] Level 5:colcon.colcon_core.verb:set package 'cpp01_topic' build argument 'catkin_skip_building_tests' from command line to 'False'
[6.634s] DEBUG:colcon.colcon_core.verb:Building package 'cpp01_topic' with the following arguments: {'ament_cmake_args': None, 'build_base': '/home/jiaxin/ws01_plumbing/build/cpp01_topic', 'catkin_cmake_args': None, 'catkin_skip_building_tests': False, 'cmake_args': None, 'cmake_clean_cache': False, 'cmake_clean_first': False, 'cmake_force_configure': False, 'cmake_target': None, 'cmake_target_skip_unavailable': False, 'install_base': '/home/jiaxin/ws01_plumbing/install/cpp01_topic', 'merge_install': False, 'path': '/home/jiaxin/ws01_plumbing/src/cpp01_topic', 'symlink_install': False, 'test_result_base': None}
[6.636s] INFO:colcon.colcon_core.executor:Executing jobs using 'parallel' executor
[6.682s] DEBUG:colcon.colcon_parallel_executor.executor.parallel:run_until_complete
[6.683s] INFO:colcon.colcon_ros.task.ament_cmake.build:Building ROS package in '/home/jiaxin/ws01_plumbing/src/cpp01_topic' with build type 'ament_cmake'
[6.684s] INFO:colcon.colcon_cmake.task.cmake.build:Building CMake package in '/home/jiaxin/ws01_plumbing/src/cpp01_topic'
[6.717s] INFO:colcon.colcon_core.plugin_system:Skipping extension 'colcon_core.shell.bat': Not used on non-Windows systems
[6.718s] INFO:colcon.colcon_core.shell:Skip shell extension 'powershell' for command environment: Not usable outside of PowerShell
[6.718s] DEBUG:colcon.colcon_core.shell:Skip shell extension 'dsv' for command environment
[13.819s] DEBUG:colcon.colcon_core.event_handler.log_command:Invoking command in '/home/jiaxin/ws01_plumbing/build/cpp01_topic': CMAKE_PREFIX_PATH=/home/jiaxin/ws01_plumbing/install/base_interfaces_demo:/home/jiaxin/ws01_plumbing/install/cpp01_topic:/opt/ros/humble /usr/bin/cmake --build /home/jiaxin/ws01_plumbing/build/cpp01_topic -- -j4 -l4
[45.545s] DEBUG:colcon.colcon_core.event_handler.log_command:Invoked command in '/home/jiaxin/ws01_plumbing/build/cpp01_topic' returned '0': CMAKE_PREFIX_PATH=/home/jiaxin/ws01_plumbing/install/base_interfaces_demo:/home/jiaxin/ws01_plumbing/install/cpp01_topic:/opt/ros/humble /usr/bin/cmake --build /home/jiaxin/ws01_plumbing/build/cpp01_topic -- -j4 -l4
[45.688s] DEBUG:colcon.colcon_core.event_handler.log_command:Invoking command in '/home/jiaxin/ws01_plumbing/build/cpp01_topic': CMAKE_PREFIX_PATH=/home/jiaxin/ws01_plumbing/install/base_interfaces_demo:/home/jiaxin/ws01_plumbing/install/cpp01_topic:/opt/ros/humble /usr/bin/cmake --install /home/jiaxin/ws01_plumbing/build/cpp01_topic
[45.777s] Level 1:colcon.colcon_core.environment:create_environment_scripts_only(cpp01_topic)
[45.817s] Level 1:colcon.colcon_core.environment:checking '/home/jiaxin/ws01_plumbing/install/cpp01_topic' for CMake module files
[45.818s] Level 1:colcon.colcon_core.environment:checking '/home/jiaxin/ws01_plumbing/install/cpp01_topic' for CMake config files
[45.819s] Level 1:colcon.colcon_core.shell:create_environment_hook('cpp01_topic', 'cmake_prefix_path')
[45.833s] INFO:colcon.colcon_core.shell:Creating environment hook '/home/jiaxin/ws01_plumbing/install/cpp01_topic/share/cpp01_topic/hook/cmake_prefix_path.ps1'
[45.834s] DEBUG:colcon.colcon_core.event_handler.log_command:Invoked command in '/home/jiaxin/ws01_plumbing/build/cpp01_topic' returned '0': CMAKE_PREFIX_PATH=/home/jiaxin/ws01_plumbing/install/base_interfaces_demo:/home/jiaxin/ws01_plumbing/install/cpp01_topic:/opt/ros/humble /usr/bin/cmake --install /home/jiaxin/ws01_plumbing/build/cpp01_topic
[45.836s] INFO:colcon.colcon_core.shell:Creating environment descriptor '/home/jiaxin/ws01_plumbing/install/cpp01_topic/share/cpp01_topic/hook/cmake_prefix_path.dsv'
[45.837s] INFO:colcon.colcon_core.shell:Creating environment hook '/home/jiaxin/ws01_plumbing/install/cpp01_topic/share/cpp01_topic/hook/cmake_prefix_path.sh'
[45.849s] Level 1:colcon.colcon_core.environment:checking '/home/jiaxin/ws01_plumbing/install/cpp01_topic/lib'
[45.850s] Level 1:colcon.colcon_core.environment:checking '/home/jiaxin/ws01_plumbing/install/cpp01_topic/bin'
[45.850s] Level 1:colcon.colcon_core.environment:checking '/home/jiaxin/ws01_plumbing/install/cpp01_topic/lib/pkgconfig/cpp01_topic.pc'
[45.851s] Level 1:colcon.colcon_core.environment:checking '/home/jiaxin/ws01_plumbing/install/cpp01_topic/lib/python3.10/site-packages'
[45.851s] Level 1:colcon.colcon_core.environment:checking '/home/jiaxin/ws01_plumbing/install/cpp01_topic/bin'
[45.866s] INFO:colcon.colcon_core.shell:Creating package script '/home/jiaxin/ws01_plumbing/install/cpp01_topic/share/cpp01_topic/package.ps1'
[45.868s] INFO:colcon.colcon_core.shell:Creating package descriptor '/home/jiaxin/ws01_plumbing/install/cpp01_topic/share/cpp01_topic/package.dsv'
[45.880s] INFO:colcon.colcon_core.shell:Creating package script '/home/jiaxin/ws01_plumbing/install/cpp01_topic/share/cpp01_topic/package.sh'
[45.884s] INFO:colcon.colcon_core.shell:Creating package script '/home/jiaxin/ws01_plumbing/install/cpp01_topic/share/cpp01_topic/package.bash'
[45.886s] INFO:colcon.colcon_core.shell:Creating package script '/home/jiaxin/ws01_plumbing/install/cpp01_topic/share/cpp01_topic/package.zsh'
[45.895s] Level 1:colcon.colcon_core.environment:create_file_with_runtime_dependencies(/home/jiaxin/ws01_plumbing/install/cpp01_topic/share/colcon-core/packages/cpp01_topic)
[45.995s] Level 1:colcon.colcon_core.environment:create_environment_scripts_only(cpp01_topic)
[46.000s] Level 1:colcon.colcon_core.environment:checking '/home/jiaxin/ws01_plumbing/install/cpp01_topic' for CMake module files
[46.012s] Level 1:colcon.colcon_core.environment:checking '/home/jiaxin/ws01_plumbing/install/cpp01_topic' for CMake config files
[46.012s] Level 1:colcon.colcon_core.shell:create_environment_hook('cpp01_topic', 'cmake_prefix_path')
[46.015s] INFO:colcon.colcon_core.shell:Creating environment hook '/home/jiaxin/ws01_plumbing/install/cpp01_topic/share/cpp01_topic/hook/cmake_prefix_path.ps1'
[46.016s] INFO:colcon.colcon_core.shell:Creating environment descriptor '/home/jiaxin/ws01_plumbing/install/cpp01_topic/share/cpp01_topic/hook/cmake_prefix_path.dsv'
[46.028s] INFO:colcon.colcon_core.shell:Creating environment hook '/home/jiaxin/ws01_plumbing/install/cpp01_topic/share/cpp01_topic/hook/cmake_prefix_path.sh'
[46.029s] Level 1:colcon.colcon_core.environment:checking '/home/jiaxin/ws01_plumbing/install/cpp01_topic/lib'
[46.030s] Level 1:colcon.colcon_core.environment:checking '/home/jiaxin/ws01_plumbing/install/cpp01_topic/bin'
[46.030s] Level 1:colcon.colcon_core.environment:checking '/home/jiaxin/ws01_plumbing/install/cpp01_topic/lib/pkgconfig/cpp01_topic.pc'
[46.032s] Level 1:colcon.colcon_core.environment:checking '/home/jiaxin/ws01_plumbing/install/cpp01_topic/lib/python3.10/site-packages'
[46.033s] Level 1:colcon.colcon_core.environment:checking '/home/jiaxin/ws01_plumbing/install/cpp01_topic/bin'
[46.046s] INFO:colcon.colcon_core.shell:Creating package script '/home/jiaxin/ws01_plumbing/install/cpp01_topic/share/cpp01_topic/package.ps1'
[46.059s] INFO:colcon.colcon_core.shell:Creating package descriptor '/home/jiaxin/ws01_plumbing/install/cpp01_topic/share/cpp01_topic/package.dsv'
[46.060s] INFO:colcon.colcon_core.shell:Creating package script '/home/jiaxin/ws01_plumbing/install/cpp01_topic/share/cpp01_topic/package.sh'
[46.062s] INFO:colcon.colcon_core.shell:Creating package script '/home/jiaxin/ws01_plumbing/install/cpp01_topic/share/cpp01_topic/package.bash'
[46.063s] INFO:colcon.colcon_core.shell:Creating package script '/home/jiaxin/ws01_plumbing/install/cpp01_topic/share/cpp01_topic/package.zsh'
[46.064s] Level 1:colcon.colcon_core.environment:create_file_with_runtime_dependencies(/home/jiaxin/ws01_plumbing/install/cpp01_topic/share/colcon-core/packages/cpp01_topic)
[46.076s] DEBUG:colcon.colcon_parallel_executor.executor.parallel:closing loop
[46.077s] DEBUG:colcon.colcon_parallel_executor.executor.parallel:loop closed
[46.077s] DEBUG:colcon.colcon_parallel_executor.executor.parallel:run_until_complete finished with '0'
[46.077s] DEBUG:colcon.colcon_core.event_reactor:joining thread
[48.055s] INFO:colcon.colcon_core.plugin_system:Skipping extension 'colcon_notification.desktop_notification.notify_send': Could not find 'notify-send'
[48.055s] INFO:colcon.colcon_core.plugin_system:Skipping extension 'colcon_notification.desktop_notification.terminal_notifier': Not used on non-Darwin systems
[48.056s] INFO:colcon.colcon_core.plugin_system:Skipping extension 'colcon_notification.desktop_notification.win32': Not used on non-Windows systems
[48.056s] INFO:colcon.colcon_notification.desktop_notification:Sending desktop notification using 'notify2'
[48.087s] DEBUG:colcon.colcon_notification.desktop_notification.notify2:Failed to initialize notify2: org.freedesktop.DBus.Error.ServiceUnknown: The name org.freedesktop.Notifications was not provided by any .service files
[48.088s] DEBUG:colcon.colcon_core.event_reactor:joined thread
[48.091s] INFO:colcon.colcon_core.shell:Creating prefix script '/home/jiaxin/ws01_plumbing/install/local_setup.ps1'
[48.100s] INFO:colcon.colcon_core.shell:Creating prefix util module '/home/jiaxin/ws01_plumbing/install/_local_setup_util_ps1.py'
[48.103s] INFO:colcon.colcon_core.shell:Creating prefix chain script '/home/jiaxin/ws01_plumbing/install/setup.ps1'
[48.117s] INFO:colcon.colcon_core.shell:Creating prefix script '/home/jiaxin/ws01_plumbing/install/local_setup.sh'
[48.119s] INFO:colcon.colcon_core.shell:Creating prefix util module '/home/jiaxin/ws01_plumbing/install/_local_setup_util_sh.py'
[48.120s] INFO:colcon.colcon_core.shell:Creating prefix chain script '/home/jiaxin/ws01_plumbing/install/setup.sh'
[48.132s] INFO:colcon.colcon_core.shell:Creating prefix script '/home/jiaxin/ws01_plumbing/install/local_setup.bash'
[48.133s] INFO:colcon.colcon_core.shell:Creating prefix chain script '/home/jiaxin/ws01_plumbing/install/setup.bash'
[48.136s] INFO:colcon.colcon_core.shell:Creating prefix script '/home/jiaxin/ws01_plumbing/install/local_setup.zsh'
[48.137s] INFO:colcon.colcon_core.shell:Creating prefix chain script '/home/jiaxin/ws01_plumbing/install/setup.zsh'
