[0.156s] Invoking command in '/home/jiaxin/ws01_plumbing/build/cpp01_topic': CMAKE_PREFIX_PATH=/home/jiaxin/ws01_plumbing/install/base_interfaces_demo:/home/jiaxin/ws01_plumbing/install/cpp01_topic:/opt/ros/humble /usr/bin/cmake --build /home/jiaxin/ws01_plumbing/build/cpp01_topic -- -j4 -l4
[0.212s] [35m[1mConsolidate compiler generated dependencies of target demo03_talker_stu[0m
[0.235s] [ 50%] Built target demo04_listener_stu
[0.245s] [100%] Built target demo03_talker_stu
[0.263s] Invoked command in '/home/jiaxin/ws01_plumbing/build/cpp01_topic' returned '0': CMAKE_PREFIX_PATH=/home/jiaxin/ws01_plumbing/install/base_interfaces_demo:/home/jiaxin/ws01_plumbing/install/cpp01_topic:/opt/ros/humble /usr/bin/cmake --build /home/jiaxin/ws01_plumbing/build/cpp01_topic -- -j4 -l4
[0.315s] Invoking command in '/home/jiaxin/ws01_plumbing/build/cpp01_topic': CMAKE_PREFIX_PATH=/home/jiaxin/ws01_plumbing/install/base_interfaces_demo:/home/jiaxin/ws01_plumbing/install/cpp01_topic:/opt/ros/humble /usr/bin/cmake --install /home/jiaxin/ws01_plumbing/build/cpp01_topic
[0.323s] -- Install configuration: ""
[0.324s] -- Up-to-date: /home/jiaxin/ws01_plumbing/install/cpp01_topic/lib/cpp01_topic/demo03_talker_stu
[0.325s] -- Up-to-date: /home/jiaxin/ws01_plumbing/install/cpp01_topic/lib/cpp01_topic/demo04_listener_stu
[0.325s] -- Up-to-date: /home/jiaxin/ws01_plumbing/install/cpp01_topic/share/ament_index/resource_index/package_run_dependencies/cpp01_topic
[0.326s] -- Up-to-date: /home/jiaxin/ws01_plumbing/install/cpp01_topic/share/ament_index/resource_index/parent_prefix_path/cpp01_topic
[0.327s] -- Up-to-date: /home/jiaxin/ws01_plumbing/install/cpp01_topic/share/cpp01_topic/environment/ament_prefix_path.sh
[0.327s] -- Up-to-date: /home/jiaxin/ws01_plumbing/install/cpp01_topic/share/cpp01_topic/environment/ament_prefix_path.dsv
[0.329s] -- Up-to-date: /home/jiaxin/ws01_plumbing/install/cpp01_topic/share/cpp01_topic/environment/path.sh
[0.330s] -- Up-to-date: /home/jiaxin/ws01_plumbing/install/cpp01_topic/share/cpp01_topic/environment/path.dsv
[0.330s] -- Up-to-date: /home/jiaxin/ws01_plumbing/install/cpp01_topic/share/cpp01_topic/local_setup.bash
[0.330s] -- Up-to-date: /home/jiaxin/ws01_plumbing/install/cpp01_topic/share/cpp01_topic/local_setup.sh
[0.330s] -- Up-to-date: /home/jiaxin/ws01_plumbing/install/cpp01_topic/share/cpp01_topic/local_setup.zsh
[0.331s] -- Up-to-date: /home/jiaxin/ws01_plumbing/install/cpp01_topic/share/cpp01_topic/local_setup.dsv
[0.331s] -- Installing: /home/jiaxin/ws01_plumbing/install/cpp01_topic/share/cpp01_topic/package.dsv
[0.331s] -- Up-to-date: /home/jiaxin/ws01_plumbing/install/cpp01_topic/share/ament_index/resource_index/packages/cpp01_topic
[0.331s] -- Up-to-date: /home/jiaxin/ws01_plumbing/install/cpp01_topic/share/cpp01_topic/cmake/cpp01_topicConfig.cmake
[0.331s] -- Up-to-date: /home/jiaxin/ws01_plumbing/install/cpp01_topic/share/cpp01_topic/cmake/cpp01_topicConfig-version.cmake
[0.332s] -- Up-to-date: /home/jiaxin/ws01_plumbing/install/cpp01_topic/share/cpp01_topic/package.xml
[0.341s] Invoked command in '/home/jiaxin/ws01_plumbing/build/cpp01_topic' returned '0': CMAKE_PREFIX_PATH=/home/jiaxin/ws01_plumbing/install/base_interfaces_demo:/home/jiaxin/ws01_plumbing/install/cpp01_topic:/opt/ros/humble /usr/bin/cmake --install /home/jiaxin/ws01_plumbing/build/cpp01_topic
