[0.041s] Invoking command in '/home/jiaxin/ws01_plumbing/build/cpp04_param': CMAKE_PREFIX_PATH=${CMAKE_PREFIX_PATH}:/opt/ros/humble /usr/bin/cmake --build /home/jiaxin/ws01_plumbing/build/cpp04_param -- -j4 -l4
[0.130s] [ 50%] Built target demo01_param_server
[0.130s] [ 50%] [32mBuilding CXX object CMakeFiles/demo02_param_client.dir/src/demo02_param_client.cpp.o[0m
[0.137s] [ 83%] Built target demo00_param
[7.502s] [100%] [32m[1mLinking CXX executable demo02_param_client[0m
[8.119s] [100%] Built target demo02_param_client
[8.142s] Invoked command in '/home/jiaxin/ws01_plumbing/build/cpp04_param' returned '0': CMAKE_PREFIX_PATH=${CMAKE_PREFIX_PATH}:/opt/ros/humble /usr/bin/cmake --build /home/jiaxin/ws01_plumbing/build/cpp04_param -- -j4 -l4
[8.241s] Invoking command in '/home/jiaxin/ws01_plumbing/build/cpp04_param': CMAKE_PREFIX_PATH=${CMAKE_PREFIX_PATH}:/opt/ros/humble /usr/bin/cmake --install /home/jiaxin/ws01_plumbing/build/cpp04_param
[8.253s] -- Install configuration: ""
[8.254s] -- Up-to-date: /home/jiaxin/ws01_plumbing/install/cpp04_param/lib/cpp04_param/demo00_param
[8.257s] -- Up-to-date: /home/jiaxin/ws01_plumbing/install/cpp04_param/lib/cpp04_param/demo01_param_server
[8.260s] -- Installing: /home/jiaxin/ws01_plumbing/install/cpp04_param/lib/cpp04_param/demo02_param_client
[8.261s] -- Set runtime path of "/home/jiaxin/ws01_plumbing/install/cpp04_param/lib/cpp04_param/demo02_param_client" to ""
[8.261s] -- Up-to-date: /home/jiaxin/ws01_plumbing/install/cpp04_param/share/ament_index/resource_index/package_run_dependencies/cpp04_param
[8.261s] -- Up-to-date: /home/jiaxin/ws01_plumbing/install/cpp04_param/share/ament_index/resource_index/parent_prefix_path/cpp04_param
[8.262s] -- Up-to-date: /home/jiaxin/ws01_plumbing/install/cpp04_param/share/cpp04_param/environment/ament_prefix_path.sh
[8.262s] -- Up-to-date: /home/jiaxin/ws01_plumbing/install/cpp04_param/share/cpp04_param/environment/ament_prefix_path.dsv
[8.262s] -- Up-to-date: /home/jiaxin/ws01_plumbing/install/cpp04_param/share/cpp04_param/environment/path.sh
[8.262s] -- Up-to-date: /home/jiaxin/ws01_plumbing/install/cpp04_param/share/cpp04_param/environment/path.dsv
[8.262s] -- Up-to-date: /home/jiaxin/ws01_plumbing/install/cpp04_param/share/cpp04_param/local_setup.bash
[8.262s] -- Up-to-date: /home/jiaxin/ws01_plumbing/install/cpp04_param/share/cpp04_param/local_setup.sh
[8.262s] -- Up-to-date: /home/jiaxin/ws01_plumbing/install/cpp04_param/share/cpp04_param/local_setup.zsh
[8.263s] -- Up-to-date: /home/jiaxin/ws01_plumbing/install/cpp04_param/share/cpp04_param/local_setup.dsv
[8.263s] -- Installing: /home/jiaxin/ws01_plumbing/install/cpp04_param/share/cpp04_param/package.dsv
[8.263s] -- Up-to-date: /home/jiaxin/ws01_plumbing/install/cpp04_param/share/ament_index/resource_index/packages/cpp04_param
[8.263s] -- Up-to-date: /home/jiaxin/ws01_plumbing/install/cpp04_param/share/cpp04_param/cmake/cpp04_paramConfig.cmake
[8.263s] -- Up-to-date: /home/jiaxin/ws01_plumbing/install/cpp04_param/share/cpp04_param/cmake/cpp04_paramConfig-version.cmake
[8.264s] -- Up-to-date: /home/jiaxin/ws01_plumbing/install/cpp04_param/share/cpp04_param/package.xml
[8.268s] Invoked command in '/home/jiaxin/ws01_plumbing/build/cpp04_param' returned '0': CMAKE_PREFIX_PATH=${CMAKE_PREFIX_PATH}:/opt/ros/humble /usr/bin/cmake --install /home/jiaxin/ws01_plumbing/build/cpp04_param
