[7.135s] Invoking command in '/home/jiaxin/ws01_plumbing/build/cpp01_topic': CMAKE_PREFIX_PATH=/home/jiaxin/ws01_plumbing/install/base_interfaces_demo:/home/jiaxin/ws01_plumbing/install/cpp01_topic:/opt/ros/humble /usr/bin/cmake --build /home/jiaxin/ws01_plumbing/build/cpp01_topic -- -j4 -l4
[7.289s] [35m[1mConsolidate compiler generated dependencies of target demo04_listener_stu[0m
[7.337s] [ 25%] [32mBuilding CXX object CMakeFiles/demo03_talker_stu.dir/src/demo03_talker_stu.cpp.o[0m
[7.374s] [ 75%] Built target demo04_listener_stu
[34.592s] [100%] [32m[1mLinking CXX executable demo03_talker_stu[0m
[38.809s] [100%] Built target demo03_talker_stu
[38.860s] Invoked command in '/home/jiaxin/ws01_plumbing/build/cpp01_topic' returned '0': CMAKE_PREFIX_PATH=/home/jiaxin/ws01_plumbing/install/base_interfaces_demo:/home/jiaxin/ws01_plumbing/install/cpp01_topic:/opt/ros/humble /usr/bin/cmake --build /home/jiaxin/ws01_plumbing/build/cpp01_topic -- -j4 -l4
[39.004s] Invoking command in '/home/jiaxin/ws01_plumbing/build/cpp01_topic': CMAKE_PREFIX_PATH=/home/jiaxin/ws01_plumbing/install/base_interfaces_demo:/home/jiaxin/ws01_plumbing/install/cpp01_topic:/opt/ros/humble /usr/bin/cmake --install /home/jiaxin/ws01_plumbing/build/cpp01_topic
[39.055s] -- Install configuration: ""
[39.056s] -- Installing: /home/jiaxin/ws01_plumbing/install/cpp01_topic/lib/cpp01_topic/demo03_talker_stu
[39.088s] -- Set runtime path of "/home/jiaxin/ws01_plumbing/install/cpp01_topic/lib/cpp01_topic/demo03_talker_stu" to ""
[39.089s] -- Up-to-date: /home/jiaxin/ws01_plumbing/install/cpp01_topic/lib/cpp01_topic/demo04_listener_stu
[39.089s] -- Up-to-date: /home/jiaxin/ws01_plumbing/install/cpp01_topic/share/ament_index/resource_index/package_run_dependencies/cpp01_topic
[39.090s] -- Up-to-date: /home/jiaxin/ws01_plumbing/install/cpp01_topic/share/ament_index/resource_index/parent_prefix_path/cpp01_topic
[39.090s] -- Up-to-date: /home/jiaxin/ws01_plumbing/install/cpp01_topic/share/cpp01_topic/environment/ament_prefix_path.sh
[39.091s] -- Up-to-date: /home/jiaxin/ws01_plumbing/install/cpp01_topic/share/cpp01_topic/environment/ament_prefix_path.dsv
[39.091s] -- Up-to-date: /home/jiaxin/ws01_plumbing/install/cpp01_topic/share/cpp01_topic/environment/path.sh
[39.091s] -- Up-to-date: /home/jiaxin/ws01_plumbing/install/cpp01_topic/share/cpp01_topic/environment/path.dsv
[39.092s] -- Up-to-date: /home/jiaxin/ws01_plumbing/install/cpp01_topic/share/cpp01_topic/local_setup.bash
[39.095s] -- Up-to-date: /home/jiaxin/ws01_plumbing/install/cpp01_topic/share/cpp01_topic/local_setup.sh
[39.100s] -- Up-to-date: /home/jiaxin/ws01_plumbing/install/cpp01_topic/share/cpp01_topic/local_setup.zsh
[39.123s] -- Up-to-date: /home/jiaxin/ws01_plumbing/install/cpp01_topic/share/cpp01_topic/local_setup.dsv
[39.124s] -- Installing: /home/jiaxin/ws01_plumbing/install/cpp01_topic/share/cpp01_topic/package.dsv
[39.125s] -- Up-to-date: /home/jiaxin/ws01_plumbing/install/cpp01_topic/share/ament_index/resource_index/packages/cpp01_topic
[39.126s] -- Up-to-date: /home/jiaxin/ws01_plumbing/install/cpp01_topic/share/cpp01_topic/cmake/cpp01_topicConfig.cmake
[39.127s] -- Up-to-date: /home/jiaxin/ws01_plumbing/install/cpp01_topic/share/cpp01_topic/cmake/cpp01_topicConfig-version.cmake
[39.149s] -- Up-to-date: /home/jiaxin/ws01_plumbing/install/cpp01_topic/share/cpp01_topic/package.xml
[39.150s] Invoked command in '/home/jiaxin/ws01_plumbing/build/cpp01_topic' returned '0': CMAKE_PREFIX_PATH=/home/jiaxin/ws01_plumbing/install/base_interfaces_demo:/home/jiaxin/ws01_plumbing/install/cpp01_topic:/opt/ros/humble /usr/bin/cmake --install /home/jiaxin/ws01_plumbing/build/cpp01_topic
